<?xml version="1.0" encoding="UTF-8"?>
<testsuite xmlns:xsi="http://www.w3.org/2001/XMLSchema-instance" xsi:noNamespaceSchemaLocation="https://maven.apache.org/surefire/maven-surefire-plugin/xsd/surefire-test-report.xsd" name="com.packt.JavaDL.PricePrediction.JunitTest" time="588.13" tests="1" errors="0" skipped="0" failures="0">
  <properties>
    <property name="sun.desktop" value="windows"/>
    <property name="awt.toolkit" value="sun.awt.windows.WToolkit"/>
    <property name="file.encoding.pkg" value="sun.io"/>
    <property name="java.specification.version" value="1.8"/>
    <property name="sun.cpu.isalist" value="amd64"/>
    <property name="sun.jnu.encoding" value="Cp1252"/>
    <property name="java.class.path" value="C:\Users\Dani\Downloads\Lab\StockPricePrediction\target\test-classes;C:\Users\Dani\Downloads\Lab\StockPricePrediction\target\classes;C:\Users\Dani\.m2\repository\junit\junit\4.12\junit-4.12.jar;C:\Users\Dani\.m2\repository\org\hamcrest\hamcrest-core\1.3\hamcrest-core-1.3.jar;C:\Users\Dani\.m2\repository\org\nd4j\nd4j-native-platform\1.0.0-alpha\nd4j-native-platform-1.0.0-alpha.jar;C:\Users\Dani\.m2\repository\org\bytedeco\javacpp-presets\openblas-platform\0.2.20-1.4.1\openblas-platform-0.2.20-1.4.1.jar;C:\Users\Dani\.m2\repository\org\bytedeco\javacpp-presets\openblas\0.2.20-1.4.1\openblas-0.2.20-1.4.1-android-arm.jar;C:\Users\Dani\.m2\repository\org\bytedeco\javacpp-presets\openblas\0.2.20-1.4.1\openblas-0.2.20-1.4.1-android-arm64.jar;C:\Users\Dani\.m2\repository\org\bytedeco\javacpp-presets\openblas\0.2.20-1.4.1\openblas-0.2.20-1.4.1-android-x86.jar;C:\Users\Dani\.m2\repository\org\bytedeco\javacpp-presets\openblas\0.2.20-1.4.1\openblas-0.2.20-1.4.1-android-x86_64.jar;C:\Users\Dani\.m2\repository\org\bytedeco\javacpp-presets\openblas\0.2.20-1.4.1\openblas-0.2.20-1.4.1-ios-arm64.jar;C:\Users\Dani\.m2\repository\org\bytedeco\javacpp-presets\openblas\0.2.20-1.4.1\openblas-0.2.20-1.4.1-ios-x86_64.jar;C:\Users\Dani\.m2\repository\org\bytedeco\javacpp-presets\openblas\0.2.20-1.4.1\openblas-0.2.20-1.4.1-linux-x86.jar;C:\Users\Dani\.m2\repository\org\bytedeco\javacpp-presets\openblas\0.2.20-1.4.1\openblas-0.2.20-1.4.1-linux-x86_64.jar;C:\Users\Dani\.m2\repository\org\bytedeco\javacpp-presets\openblas\0.2.20-1.4.1\openblas-0.2.20-1.4.1-linux-armhf.jar;C:\Users\Dani\.m2\repository\org\bytedeco\javacpp-presets\openblas\0.2.20-1.4.1\openblas-0.2.20-1.4.1-linux-ppc64le.jar;C:\Users\Dani\.m2\repository\org\bytedeco\javacpp-presets\openblas\0.2.20-1.4.1\openblas-0.2.20-1.4.1-macosx-x86_64.jar;C:\Users\Dani\.m2\repository\org\bytedeco\javacpp-presets\openblas\0.2.20-1.4.1\openblas-0.2.20-1.4.1-windows-x86.jar;C:\Users\Dani\.m2\repository\org\bytedeco\javacpp-presets\mkl-platform\2018.1-1.4.1\mkl-platform-2018.1-1.4.1.jar;C:\Users\Dani\.m2\repository\org\bytedeco\javacpp-presets\mkl\2018.1-1.4.1\mkl-2018.1-1.4.1-linux-x86.jar;C:\Users\Dani\.m2\repository\org\bytedeco\javacpp-presets\mkl\2018.1-1.4.1\mkl-2018.1-1.4.1-linux-x86_64.jar;C:\Users\Dani\.m2\repository\org\bytedeco\javacpp-presets\mkl\2018.1-1.4.1\mkl-2018.1-1.4.1-macosx-x86_64.jar;C:\Users\Dani\.m2\repository\org\bytedeco\javacpp-presets\mkl\2018.1-1.4.1\mkl-2018.1-1.4.1-windows-x86.jar;C:\Users\Dani\.m2\repository\org\bytedeco\javacpp-presets\mkl\2018.1-1.4.1\mkl-2018.1-1.4.1-windows-x86_64.jar;C:\Users\Dani\.m2\repository\org\nd4j\nd4j-native\1.0.0-alpha\nd4j-native-1.0.0-alpha.jar;C:\Users\Dani\.m2\repository\org\nd4j\nd4j-native\1.0.0-alpha\nd4j-native-1.0.0-alpha-android-arm.jar;C:\Users\Dani\.m2\repository\org\nd4j\nd4j-native\1.0.0-alpha\nd4j-native-1.0.0-alpha-android-arm64.jar;C:\Users\Dani\.m2\repository\org\nd4j\nd4j-native\1.0.0-alpha\nd4j-native-1.0.0-alpha-android-x86.jar;C:\Users\Dani\.m2\repository\org\nd4j\nd4j-native\1.0.0-alpha\nd4j-native-1.0.0-alpha-android-x86_64.jar;C:\Users\Dani\.m2\repository\org\nd4j\nd4j-native\1.0.0-alpha\nd4j-native-1.0.0-alpha-ios-arm64.jar;C:\Users\Dani\.m2\repository\org\nd4j\nd4j-native\1.0.0-alpha\nd4j-native-1.0.0-alpha-ios-x86_64.jar;C:\Users\Dani\.m2\repository\org\nd4j\nd4j-native\1.0.0-alpha\nd4j-native-1.0.0-alpha-linux-x86_64.jar;C:\Users\Dani\.m2\repository\org\nd4j\nd4j-native\1.0.0-alpha\nd4j-native-1.0.0-alpha-macosx-x86_64.jar;C:\Users\Dani\.m2\repository\org\nd4j\nd4j-native\1.0.0-alpha\nd4j-native-1.0.0-alpha-windows-x86_64.jar;C:\Users\Dani\.m2\repository\org\nd4j\nd4j-native\1.0.0-alpha\nd4j-native-1.0.0-alpha-linux-ppc64le.jar;C:\Users\Dani\.m2\repository\org\deeplearning4j\dl4j-spark_2.11\1.0.0-alpha_spark_2\dl4j-spark_2.11-1.0.0-alpha_spark_2.jar;C:\Users\Dani\.m2\repository\org\datavec\datavec-spark_2.11\1.0.0-alpha_spark_2\datavec-spark_2.11-1.0.0-alpha_spark_2.jar;C:\Users\Dani\.m2\repository\org\apache\spark\spark-sql_2.11\2.1.0\spark-sql_2.11-2.1.0.jar;C:\Users\Dani\.m2\repository\com\univocity\univocity-parsers\2.2.1\univocity-parsers-2.2.1.jar;C:\Users\Dani\.m2\repository\org\apache\spark\spark-sketch_2.11\2.1.0\spark-sketch_2.11-2.1.0.jar;C:\Users\Dani\.m2\repository\org\apache\spark\spark-catalyst_2.11\2.1.0\spark-catalyst_2.11-2.1.0.jar;C:\Users\Dani\.m2\repository\org\codehaus\janino\janino\3.0.0\janino-3.0.0.jar;C:\Users\Dani\.m2\repository\org\codehaus\janino\commons-compiler\3.0.0\commons-compiler-3.0.0.jar;C:\Users\Dani\.m2\repository\org\antlr\antlr4-runtime\4.5.3\antlr4-runtime-4.5.3.jar;C:\Users\Dani\.m2\repository\org\apache\parquet\parquet-column\1.8.1\parquet-column-1.8.1.jar;C:\Users\Dani\.m2\repository\org\apache\parquet\parquet-common\1.8.1\parquet-common-1.8.1.jar;C:\Users\Dani\.m2\repository\org\apache\parquet\parquet-encoding\1.8.1\parquet-encoding-1.8.1.jar;C:\Users\Dani\.m2\repository\org\apache\parquet\parquet-hadoop\1.8.1\parquet-hadoop-1.8.1.jar;C:\Users\Dani\.m2\repository\org\apache\parquet\parquet-format\2.3.0-incubating\parquet-format-2.3.0-incubating.jar;C:\Users\Dani\.m2\repository\org\apache\parquet\parquet-jackson\1.8.1\parquet-jackson-1.8.1.jar;C:\Users\Dani\.m2\repository\com\clearspring\analytics\stream\2.7.0\stream-2.7.0.jar;C:\Users\Dani\.m2\repository\it\unimi\dsi\fastutil\6.5.7\fastutil-6.5.7.jar;C:\Users\Dani\.m2\repository\org\datavec\datavec-hadoop\1.0.0-alpha\datavec-hadoop-1.0.0-alpha.jar;C:\Users\Dani\.m2\repository\org\deeplearning4j\deeplearning4j-ui-components\1.0.0-alpha\deeplearning4j-ui-components-1.0.0-alpha.jar;C:\Users\Dani\.m2\repository\org\freemarker\freemarker\2.3.23\freemarker-2.3.23.jar;C:\Users\Dani\.m2\repository\org\nd4j\jackson\1.0.0-alpha\jackson-1.0.0-alpha.jar;C:\Users\Dani\.m2\repository\org\yaml\snakeyaml\1.12\snakeyaml-1.12.jar;C:\Users\Dani\.m2\repository\org\codehaus\woodstox\stax2-api\3.1.4\stax2-api-3.1.4.jar;C:\Users\Dani\.m2\repository\joda-time\joda-time\2.2\joda-time-2.2.jar;C:\Users\Dani\.m2\repository\org\apache\spark\spark-mllib_2.11\2.1.0\spark-mllib_2.11-2.1.0.jar;C:\Users\Dani\.m2\repository\org\apache\spark\spark-streaming_2.11\2.1.0\spark-streaming_2.11-2.1.0.jar;C:\Users\Dani\.m2\repository\org\apache\spark\spark-graphx_2.11\2.1.0\spark-graphx_2.11-2.1.0.jar;C:\Users\Dani\.m2\repository\com\github\fommil\netlib\core\1.1.2\core-1.1.2.jar;C:\Users\Dani\.m2\repository\net\sourceforge\f2j\arpack_combined_all\0.1\arpack_combined_all-0.1.jar;C:\Users\Dani\.m2\repository\org\apache\spark\spark-mllib-local_2.11\2.1.0\spark-mllib-local_2.11-2.1.0.jar;C:\Users\Dani\.m2\repository\org\scalanlp\breeze_2.11\0.12\breeze_2.11-0.12.jar;C:\Users\Dani\.m2\repository\org\scalanlp\breeze-macros_2.11\0.12\breeze-macros_2.11-0.12.jar;C:\Users\Dani\.m2\repository\com\github\rwl\jtransforms\2.4.0\jtransforms-2.4.0.jar;C:\Users\Dani\.m2\repository\org\spire-math\spire_2.11\0.7.4\spire_2.11-0.7.4.jar;C:\Users\Dani\.m2\repository\org\spire-math\spire-macros_2.11\0.7.4\spire-macros_2.11-0.7.4.jar;C:\Users\Dani\.m2\repository\com\chuusai\shapeless_2.11\2.0.0\shapeless_2.11-2.0.0.jar;C:\Users\Dani\.m2\repository\org\jpmml\pmml-model\1.2.15\pmml-model-1.2.15.jar;C:\Users\Dani\.m2\repository\org\jpmml\pmml-schema\1.2.15\pmml-schema-1.2.15.jar;C:\Users\Dani\.m2\repository\org\apache\spark\spark-tags_2.11\2.1.0\spark-tags_2.11-2.1.0.jar;C:\Users\Dani\.m2\repository\org\scalatest\scalatest_2.11\2.2.6\scalatest_2.11-2.2.6.jar;C:\Users\Dani\.m2\repository\org\scala-lang\modules\scala-xml_2.11\1.0.2\scala-xml_2.11-1.0.2.jar;C:\Users\Dani\.m2\repository\org\spark-project\spark\unused\1.0.0\unused-1.0.0.jar;C:\Users\Dani\.m2\repository\org\scala-lang\scala-library\2.11.8\scala-library-2.11.8.jar;C:\Users\Dani\.m2\repository\org\apache\spark\spark-core_2.11\2.1.0\spark-core_2.11-2.1.0.jar;C:\Users\Dani\.m2\repository\org\apache\avro\avro-mapred\1.7.7\avro-mapred-1.7.7-hadoop2.jar;C:\Users\Dani\.m2\repository\org\apache\avro\avro-ipc\1.7.7\avro-ipc-1.7.7.jar;C:\Users\Dani\.m2\repository\org\apache\avro\avro\1.7.7\avro-1.7.7.jar;C:\Users\Dani\.m2\repository\org\apache\avro\avro-ipc\1.7.7\avro-ipc-1.7.7-tests.jar;C:\Users\Dani\.m2\repository\org\codehaus\jackson\jackson-core-asl\1.9.13\jackson-core-asl-1.9.13.jar;C:\Users\Dani\.m2\repository\org\codehaus\jackson\jackson-mapper-asl\1.9.13\jackson-mapper-asl-1.9.13.jar;C:\Users\Dani\.m2\repository\com\twitter\chill_2.11\0.8.0\chill_2.11-0.8.0.jar;C:\Users\Dani\.m2\repository\com\esotericsoftware\kryo-shaded\3.0.3\kryo-shaded-3.0.3.jar;C:\Users\Dani\.m2\repository\com\esotericsoftware\minlog\1.3.0\minlog-1.3.0.jar;C:\Users\Dani\.m2\repository\com\twitter\chill-java\0.8.0\chill-java-0.8.0.jar;C:\Users\Dani\.m2\repository\org\apache\xbean\xbean-asm5-shaded\4.4\xbean-asm5-shaded-4.4.jar;C:\Users\Dani\.m2\repository\org\apache\hadoop\hadoop-client\2.2.0\hadoop-client-2.2.0.jar;C:\Users\Dani\.m2\repository\org\apache\hadoop\hadoop-common\2.2.0\hadoop-common-2.2.0.jar;C:\Users\Dani\.m2\repository\commons-cli\commons-cli\1.2\commons-cli-1.2.jar;C:\Users\Dani\.m2\repository\org\apache\commons\commons-math\2.1\commons-math-2.1.jar;C:\Users\Dani\.m2\repository\xmlenc\xmlenc\0.52\xmlenc-0.52.jar;C:\Users\Dani\.m2\repository\commons-configuration\commons-configuration\1.6\commons-configuration-1.6.jar;C:\Users\Dani\.m2\repository\commons-digester\commons-digester\1.8\commons-digester-1.8.jar;C:\Users\Dani\.m2\repository\commons-beanutils\commons-beanutils-core\1.8.0\commons-beanutils-core-1.8.0.jar;C:\Users\Dani\.m2\repository\com\google\protobuf\protobuf-java\2.5.0\protobuf-java-2.5.0.jar;C:\Users\Dani\.m2\repository\org\apache\hadoop\hadoop-auth\2.2.0\hadoop-auth-2.2.0.jar;C:\Users\Dani\.m2\repository\org\apache\hadoop\hadoop-hdfs\2.2.0\hadoop-hdfs-2.2.0.jar;C:\Users\Dani\.m2\repository\org\mortbay\jetty\jetty-util\6.1.26\jetty-util-6.1.26.jar;C:\Users\Dani\.m2\repository\org\apache\hadoop\hadoop-mapreduce-client-app\2.2.0\hadoop-mapreduce-client-app-2.2.0.jar;C:\Users\Dani\.m2\repository\org\apache\hadoop\hadoop-mapreduce-client-common\2.2.0\hadoop-mapreduce-client-common-2.2.0.jar;C:\Users\Dani\.m2\repository\org\apache\hadoop\hadoop-yarn-client\2.2.0\hadoop-yarn-client-2.2.0.jar;C:\Users\Dani\.m2\repository\org\apache\hadoop\hadoop-yarn-server-common\2.2.0\hadoop-yarn-server-common-2.2.0.jar;C:\Users\Dani\.m2\repository\org\apache\hadoop\hadoop-mapreduce-client-shuffle\2.2.0\hadoop-mapreduce-client-shuffle-2.2.0.jar;C:\Users\Dani\.m2\repository\org\apache\hadoop\hadoop-yarn-api\2.2.0\hadoop-yarn-api-2.2.0.jar;C:\Users\Dani\.m2\repository\org\apache\hadoop\hadoop-mapreduce-client-core\2.2.0\hadoop-mapreduce-client-core-2.2.0.jar;C:\Users\Dani\.m2\repository\org\apache\hadoop\hadoop-yarn-common\2.2.0\hadoop-yarn-common-2.2.0.jar;C:\Users\Dani\.m2\repository\org\apache\hadoop\hadoop-mapreduce-client-jobclient\2.2.0\hadoop-mapreduce-client-jobclient-2.2.0.jar;C:\Users\Dani\.m2\repository\org\apache\hadoop\hadoop-annotations\2.2.0\hadoop-annotations-2.2.0.jar;C:\Users\Dani\.m2\repository\org\apache\spark\spark-launcher_2.11\2.1.0\spark-launcher_2.11-2.1.0.jar;C:\Users\Dani\.m2\repository\org\apache\spark\spark-network-common_2.11\2.1.0\spark-network-common_2.11-2.1.0.jar;C:\Users\Dani\.m2\repository\org\fusesource\leveldbjni\leveldbjni-all\1.8\leveldbjni-all-1.8.jar;C:\Users\Dani\.m2\repository\com\fasterxml\jackson\core\jackson-annotations\2.6.5\jackson-annotations-2.6.5.jar;C:\Users\Dani\.m2\repository\org\apache\spark\spark-network-shuffle_2.11\2.1.0\spark-network-shuffle_2.11-2.1.0.jar;C:\Users\Dani\.m2\repository\org\apache\spark\spark-unsafe_2.11\2.1.0\spark-unsafe_2.11-2.1.0.jar;C:\Users\Dani\.m2\repository\net\java\dev\jets3t\jets3t\0.7.1\jets3t-0.7.1.jar;C:\Users\Dani\.m2\repository\commons-httpclient\commons-httpclient\3.1\commons-httpclient-3.1.jar;C:\Users\Dani\.m2\repository\org\apache\curator\curator-recipes\2.4.0\curator-recipes-2.4.0.jar;C:\Users\Dani\.m2\repository\org\apache\curator\curator-framework\2.4.0\curator-framework-2.4.0.jar;C:\Users\Dani\.m2\repository\org\apache\curator\curator-client\2.4.0\curator-client-2.4.0.jar;C:\Users\Dani\.m2\repository\org\apache\zookeeper\zookeeper\3.4.5\zookeeper-3.4.5.jar;C:\Users\Dani\.m2\repository\javax\servlet\javax.servlet-api\3.1.0\javax.servlet-api-3.1.0.jar;C:\Users\Dani\.m2\repository\org\slf4j\jul-to-slf4j\1.7.16\jul-to-slf4j-1.7.16.jar;C:\Users\Dani\.m2\repository\org\slf4j\jcl-over-slf4j\1.7.16\jcl-over-slf4j-1.7.16.jar;C:\Users\Dani\.m2\repository\log4j\log4j\1.2.17\log4j-1.2.17.jar;C:\Users\Dani\.m2\repository\org\slf4j\slf4j-log4j12\1.7.16\slf4j-log4j12-1.7.16.jar;C:\Users\Dani\.m2\repository\com\ning\compress-lzf\1.0.3\compress-lzf-1.0.3.jar;C:\Users\Dani\.m2\repository\org\xerial\snappy\snappy-java\1.1.2.6\snappy-java-1.1.2.6.jar;C:\Users\Dani\.m2\repository\net\jpountz\lz4\lz4\1.3.0\lz4-1.3.0.jar;C:\Users\Dani\.m2\repository\org\roaringbitmap\RoaringBitmap\0.5.11\RoaringBitmap-0.5.11.jar;C:\Users\Dani\.m2\repository\commons-net\commons-net\2.2\commons-net-2.2.jar;C:\Users\Dani\.m2\repository\org\json4s\json4s-jackson_2.11\3.2.11\json4s-jackson_2.11-3.2.11.jar;C:\Users\Dani\.m2\repository\org\json4s\json4s-core_2.11\3.2.11\json4s-core_2.11-3.2.11.jar;C:\Users\Dani\.m2\repository\org\json4s\json4s-ast_2.11\3.2.11\json4s-ast_2.11-3.2.11.jar;C:\Users\Dani\.m2\repository\com\thoughtworks\paranamer\paranamer\2.6\paranamer-2.6.jar;C:\Users\Dani\.m2\repository\org\scala-lang\scalap\2.11.0\scalap-2.11.0.jar;C:\Users\Dani\.m2\repository\org\scala-lang\scala-compiler\2.11.0\scala-compiler-2.11.0.jar;C:\Users\Dani\.m2\repository\org\glassfish\jersey\core\jersey-client\2.22.2\jersey-client-2.22.2.jar;C:\Users\Dani\.m2\repository\org\glassfish\hk2\hk2-api\2.4.0-b34\hk2-api-2.4.0-b34.jar;C:\Users\Dani\.m2\repository\org\glassfish\hk2\hk2-utils\2.4.0-b34\hk2-utils-2.4.0-b34.jar;C:\Users\Dani\.m2\repository\org\glassfish\hk2\external\aopalliance-repackaged\2.4.0-b34\aopalliance-repackaged-2.4.0-b34.jar;C:\Users\Dani\.m2\repository\org\glassfish\hk2\external\javax.inject\2.4.0-b34\javax.inject-2.4.0-b34.jar;C:\Users\Dani\.m2\repository\org\glassfish\hk2\hk2-locator\2.4.0-b34\hk2-locator-2.4.0-b34.jar;C:\Users\Dani\.m2\repository\org\glassfish\jersey\core\jersey-common\2.22.2\jersey-common-2.22.2.jar;C:\Users\Dani\.m2\repository\javax\annotation\javax.annotation-api\1.2\javax.annotation-api-1.2.jar;C:\Users\Dani\.m2\repository\org\glassfish\jersey\bundles\repackaged\jersey-guava\2.22.2\jersey-guava-2.22.2.jar;C:\Users\Dani\.m2\repository\org\glassfish\hk2\osgi-resource-locator\1.0.1\osgi-resource-locator-1.0.1.jar;C:\Users\Dani\.m2\repository\org\glassfish\jersey\core\jersey-server\2.22.2\jersey-server-2.22.2.jar;C:\Users\Dani\.m2\repository\org\glassfish\jersey\media\jersey-media-jaxb\2.22.2\jersey-media-jaxb-2.22.2.jar;C:\Users\Dani\.m2\repository\javax\validation\validation-api\1.1.0.Final\validation-api-1.1.0.Final.jar;C:\Users\Dani\.m2\repository\org\glassfish\jersey\containers\jersey-container-servlet\2.22.2\jersey-container-servlet-2.22.2.jar;C:\Users\Dani\.m2\repository\org\glassfish\jersey\containers\jersey-container-servlet-core\2.22.2\jersey-container-servlet-core-2.22.2.jar;C:\Users\Dani\.m2\repository\io\netty\netty-all\4.0.42.Final\netty-all-4.0.42.Final.jar;C:\Users\Dani\.m2\repository\io\netty\netty\3.8.0.Final\netty-3.8.0.Final.jar;C:\Users\Dani\.m2\repository\io\dropwizard\metrics\metrics-core\3.1.2\metrics-core-3.1.2.jar;C:\Users\Dani\.m2\repository\io\dropwizard\metrics\metrics-jvm\3.1.2\metrics-jvm-3.1.2.jar;C:\Users\Dani\.m2\repository\io\dropwizard\metrics\metrics-json\3.1.2\metrics-json-3.1.2.jar;C:\Users\Dani\.m2\repository\io\dropwizard\metrics\metrics-graphite\3.1.2\metrics-graphite-3.1.2.jar;C:\Users\Dani\.m2\repository\com\fasterxml\jackson\core\jackson-databind\2.6.5\jackson-databind-2.6.5.jar;C:\Users\Dani\.m2\repository\com\fasterxml\jackson\core\jackson-core\2.6.5\jackson-core-2.6.5.jar;C:\Users\Dani\.m2\repository\com\fasterxml\jackson\module\jackson-module-scala_2.11\2.6.5\jackson-module-scala_2.11-2.6.5.jar;C:\Users\Dani\.m2\repository\org\scala-lang\scala-reflect\2.11.7\scala-reflect-2.11.7.jar;C:\Users\Dani\.m2\repository\com\fasterxml\jackson\module\jackson-module-paranamer\2.6.5\jackson-module-paranamer-2.6.5.jar;C:\Users\Dani\.m2\repository\org\apache\ivy\ivy\2.4.0\ivy-2.4.0.jar;C:\Users\Dani\.m2\repository\oro\oro\2.0.8\oro-2.0.8.jar;C:\Users\Dani\.m2\repository\net\razorvine\pyrolite\4.13\pyrolite-4.13.jar;C:\Users\Dani\.m2\repository\net\sf\py4j\py4j\0.10.4\py4j-0.10.4.jar;C:\Users\Dani\.m2\repository\org\apache\commons\commons-crypto\1.0.0\commons-crypto-1.0.0.jar;C:\Users\Dani\.m2\repository\org\bytedeco\javacpp\1.4.1\javacpp-1.4.1.jar;C:\Users\Dani\.m2\repository\org\bytedeco\javacpp-presets\openblas\0.2.20-1.4.1\openblas-0.2.20-1.4.1.jar;C:\Users\Dani\.m2\repository\org\bytedeco\javacpp-presets\openblas\0.2.20-1.4.1\openblas-0.2.20-1.4.1-windows-x86_64.jar;C:\Users\Dani\.m2\repository\org\bytedeco\javacpp-presets\mkl\2018.1-1.4.1\mkl-2018.1-1.4.1.jar;C:\Users\Dani\.m2\repository\org\nd4j\nd4j-native-api\1.0.0-alpha\nd4j-native-api-1.0.0-alpha.jar;C:\Users\Dani\.m2\repository\org\nd4j\nd4j-buffer\1.0.0-alpha\nd4j-buffer-1.0.0-alpha.jar;C:\Users\Dani\.m2\repository\org\nd4j\nd4j-api\1.0.0-alpha\nd4j-api-1.0.0-alpha.jar;C:\Users\Dani\.m2\repository\com\vlkan\flatbuffers\1.2.0-3f79e055\flatbuffers-1.2.0-3f79e055.jar;C:\Users\Dani\.m2\repository\com\github\os72\protobuf-java-shaded-351\0.9\protobuf-java-shaded-351-0.9.jar;C:\Users\Dani\.m2\repository\com\github\os72\protobuf-java-util-shaded-351\0.9\protobuf-java-util-shaded-351-0.9.jar;C:\Users\Dani\.m2\repository\com\google\guava\guava\19.0\guava-19.0.jar;C:\Users\Dani\.m2\repository\com\google\code\gson\gson\2.7\gson-2.7.jar;C:\Users\Dani\.m2\repository\uk\com\robust-it\cloning\1.9.3\cloning-1.9.3.jar;C:\Users\Dani\.m2\repository\org\objenesis\objenesis\2.1\objenesis-2.1.jar;C:\Users\Dani\.m2\repository\org\nd4j\nd4j-context\1.0.0-alpha\nd4j-context-1.0.0-alpha.jar;C:\Users\Dani\.m2\repository\net\ericaro\neoitertools\1.0.0\neoitertools-1.0.0.jar;C:\Users\Dani\.m2\repository\org\reflections\reflections\0.9.10\reflections-0.9.10.jar;C:\Users\Dani\.m2\repository\org\javassist\javassist\3.19.0-GA\javassist-3.19.0-GA.jar;C:\Users\Dani\.m2\repository\org\deeplearning4j\deeplearning4j-core\1.0.0-alpha\deeplearning4j-core-1.0.0-alpha.jar;C:\Users\Dani\.m2\repository\org\deeplearning4j\deeplearning4j-tsne\1.0.0-alpha\deeplearning4j-tsne-1.0.0-alpha.jar;C:\Users\Dani\.m2\repository\org\projectlombok\lombok\1.16.20\lombok-1.16.20.jar;C:\Users\Dani\.m2\repository\org\deeplearning4j\deeplearning4j-datasets\1.0.0-alpha\deeplearning4j-datasets-1.0.0-alpha.jar;C:\Users\Dani\.m2\repository\org\deeplearning4j\deeplearning4j-datavec-iterators\1.0.0-alpha\deeplearning4j-datavec-iterators-1.0.0-alpha.jar;C:\Users\Dani\.m2\repository\org\deeplearning4j\nearestneighbor-core\1.0.0-alpha\nearestneighbor-core-1.0.0-alpha.jar;C:\Users\Dani\.m2\repository\org\deeplearning4j\deeplearning4j-modelimport\1.0.0-alpha\deeplearning4j-modelimport-1.0.0-alpha.jar;C:\Users\Dani\.m2\repository\org\bytedeco\javacpp-presets\hdf5-platform\1.10.1-1.4.1\hdf5-platform-1.10.1-1.4.1.jar;C:\Users\Dani\.m2\repository\org\bytedeco\javacpp-presets\hdf5\1.10.1-1.4.1\hdf5-1.10.1-1.4.1.jar;C:\Users\Dani\.m2\repository\org\bytedeco\javacpp-presets\hdf5\1.10.1-1.4.1\hdf5-1.10.1-1.4.1-linux-x86.jar;C:\Users\Dani\.m2\repository\org\bytedeco\javacpp-presets\hdf5\1.10.1-1.4.1\hdf5-1.10.1-1.4.1-linux-x86_64.jar;C:\Users\Dani\.m2\repository\org\bytedeco\javacpp-presets\hdf5\1.10.1-1.4.1\hdf5-1.10.1-1.4.1-linux-ppc64le.jar;C:\Users\Dani\.m2\repository\org\bytedeco\javacpp-presets\hdf5\1.10.1-1.4.1\hdf5-1.10.1-1.4.1-macosx-x86_64.jar;C:\Users\Dani\.m2\repository\org\bytedeco\javacpp-presets\hdf5\1.10.1-1.4.1\hdf5-1.10.1-1.4.1-windows-x86.jar;C:\Users\Dani\.m2\repository\org\bytedeco\javacpp-presets\hdf5\1.10.1-1.4.1\hdf5-1.10.1-1.4.1-windows-x86_64.jar;C:\Users\Dani\.m2\repository\org\slf4j\slf4j-api\1.7.12\slf4j-api-1.7.12.jar;C:\Users\Dani\.m2\repository\org\deeplearning4j\deeplearning4j-nn\1.0.0-alpha\deeplearning4j-nn-1.0.0-alpha.jar;C:\Users\Dani\.m2\repository\org\deeplearning4j\deeplearning4j-utility-iterators\1.0.0-alpha\deeplearning4j-utility-iterators-1.0.0-alpha.jar;C:\Users\Dani\.m2\repository\org\deeplearning4j\deeplearning4j-util\1.0.0-alpha\deeplearning4j-util-1.0.0-alpha.jar;C:\Users\Dani\.m2\repository\org\nd4j\nd4j-common\1.0.0-alpha\nd4j-common-1.0.0-alpha.jar;C:\Users\Dani\.m2\repository\org\apache\commons\commons-math3\3.4.1\commons-math3-3.4.1.jar;C:\Users\Dani\.m2\repository\commons-io\commons-io\2.4\commons-io-2.4.jar;C:\Users\Dani\.m2\repository\org\apache\commons\commons-compress\1.8\commons-compress-1.8.jar;C:\Users\Dani\.m2\repository\org\tukaani\xz\1.5\xz-1.5.jar;C:\Users\Dani\.m2\repository\org\apache\commons\commons-lang3\3.4\commons-lang3-3.4.jar;C:\Users\Dani\.m2\repository\org\datavec\datavec-api\1.0.0-alpha\datavec-api-1.0.0-alpha.jar;C:\Users\Dani\.m2\repository\org\jetbrains\annotations\13.0\annotations-13.0.jar;C:\Users\Dani\.m2\repository\net\sf\opencsv\opencsv\2.3\opencsv-2.3.jar;C:\Users\Dani\.m2\repository\com\tdunning\t-digest\3.2\t-digest-3.2.jar;C:\Users\Dani\.m2\repository\org\datavec\datavec-data-image\1.0.0-alpha\datavec-data-image-1.0.0-alpha.jar;C:\Users\Dani\.m2\repository\com\github\jai-imageio\jai-imageio-core\1.3.0\jai-imageio-core-1.3.0.jar;C:\Users\Dani\.m2\repository\com\twelvemonkeys\imageio\imageio-jpeg\3.1.1\imageio-jpeg-3.1.1.jar;C:\Users\Dani\.m2\repository\com\twelvemonkeys\imageio\imageio-core\3.1.1\imageio-core-3.1.1.jar;C:\Users\Dani\.m2\repository\com\twelvemonkeys\imageio\imageio-metadata\3.1.1\imageio-metadata-3.1.1.jar;C:\Users\Dani\.m2\repository\com\twelvemonkeys\common\common-lang\3.1.1\common-lang-3.1.1.jar;C:\Users\Dani\.m2\repository\com\twelvemonkeys\common\common-io\3.1.1\common-io-3.1.1.jar;C:\Users\Dani\.m2\repository\com\twelvemonkeys\common\common-image\3.1.1\common-image-3.1.1.jar;C:\Users\Dani\.m2\repository\com\twelvemonkeys\imageio\imageio-tiff\3.1.1\imageio-tiff-3.1.1.jar;C:\Users\Dani\.m2\repository\com\twelvemonkeys\imageio\imageio-psd\3.1.1\imageio-psd-3.1.1.jar;C:\Users\Dani\.m2\repository\com\twelvemonkeys\imageio\imageio-bmp\3.1.1\imageio-bmp-3.1.1.jar;C:\Users\Dani\.m2\repository\org\bytedeco\javacv\1.4.1\javacv-1.4.1.jar;C:\Users\Dani\.m2\repository\org\bytedeco\javacpp-presets\opencv\3.4.1-1.4.1\opencv-3.4.1-1.4.1.jar;C:\Users\Dani\.m2\repository\org\bytedeco\javacpp-presets\ffmpeg\3.4.2-1.4.1\ffmpeg-3.4.2-1.4.1.jar;C:\Users\Dani\.m2\repository\org\bytedeco\javacpp-presets\flycapture\2.11.3.121-1.4.1\flycapture-2.11.3.121-1.4.1.jar;C:\Users\Dani\.m2\repository\org\bytedeco\javacpp-presets\libdc1394\2.2.5-1.4.1\libdc1394-2.2.5-1.4.1.jar;C:\Users\Dani\.m2\repository\org\bytedeco\javacpp-presets\libfreenect\0.5.3-1.4.1\libfreenect-0.5.3-1.4.1.jar;C:\Users\Dani\.m2\repository\org\bytedeco\javacpp-presets\libfreenect2\0.2.0-1.4.1\libfreenect2-0.2.0-1.4.1.jar;C:\Users\Dani\.m2\repository\org\bytedeco\javacpp-presets\librealsense\1.12.1-1.4.1\librealsense-1.12.1-1.4.1.jar;C:\Users\Dani\.m2\repository\org\bytedeco\javacpp-presets\videoinput\0.200-1.4.1\videoinput-0.200-1.4.1.jar;C:\Users\Dani\.m2\repository\org\bytedeco\javacpp-presets\artoolkitplus\2.3.1-1.4.1\artoolkitplus-2.3.1-1.4.1.jar;C:\Users\Dani\.m2\repository\org\bytedeco\javacpp-presets\flandmark\1.07-1.4.1\flandmark-1.07-1.4.1.jar;C:\Users\Dani\.m2\repository\org\bytedeco\javacpp-presets\opencv-platform\3.4.1-1.4.1\opencv-platform-3.4.1-1.4.1.jar;C:\Users\Dani\.m2\repository\org\bytedeco\javacpp-presets\opencv\3.4.1-1.4.1\opencv-3.4.1-1.4.1-android-arm.jar;C:\Users\Dani\.m2\repository\org\bytedeco\javacpp-presets\opencv\3.4.1-1.4.1\opencv-3.4.1-1.4.1-android-arm64.jar;C:\Users\Dani\.m2\repository\org\bytedeco\javacpp-presets\opencv\3.4.1-1.4.1\opencv-3.4.1-1.4.1-android-x86.jar;C:\Users\Dani\.m2\repository\org\bytedeco\javacpp-presets\opencv\3.4.1-1.4.1\opencv-3.4.1-1.4.1-android-x86_64.jar;C:\Users\Dani\.m2\repository\org\bytedeco\javacpp-presets\opencv\3.4.1-1.4.1\opencv-3.4.1-1.4.1-ios-arm64.jar;C:\Users\Dani\.m2\repository\org\bytedeco\javacpp-presets\opencv\3.4.1-1.4.1\opencv-3.4.1-1.4.1-ios-x86_64.jar;C:\Users\Dani\.m2\repository\org\bytedeco\javacpp-presets\opencv\3.4.1-1.4.1\opencv-3.4.1-1.4.1-linux-x86.jar;C:\Users\Dani\.m2\repository\org\bytedeco\javacpp-presets\opencv\3.4.1-1.4.1\opencv-3.4.1-1.4.1-linux-x86_64.jar;C:\Users\Dani\.m2\repository\org\bytedeco\javacpp-presets\opencv\3.4.1-1.4.1\opencv-3.4.1-1.4.1-linux-armhf.jar;C:\Users\Dani\.m2\repository\org\bytedeco\javacpp-presets\opencv\3.4.1-1.4.1\opencv-3.4.1-1.4.1-linux-ppc64le.jar;C:\Users\Dani\.m2\repository\org\bytedeco\javacpp-presets\opencv\3.4.1-1.4.1\opencv-3.4.1-1.4.1-macosx-x86_64.jar;C:\Users\Dani\.m2\repository\org\bytedeco\javacpp-presets\opencv\3.4.1-1.4.1\opencv-3.4.1-1.4.1-windows-x86.jar;C:\Users\Dani\.m2\repository\org\bytedeco\javacpp-presets\opencv\3.4.1-1.4.1\opencv-3.4.1-1.4.1-windows-x86_64.jar;C:\Users\Dani\.m2\repository\org\bytedeco\javacpp-presets\leptonica-platform\1.75.3-1.4.1\leptonica-platform-1.75.3-1.4.1.jar;C:\Users\Dani\.m2\repository\org\bytedeco\javacpp-presets\leptonica\1.75.3-1.4.1\leptonica-1.75.3-1.4.1.jar;C:\Users\Dani\.m2\repository\org\bytedeco\javacpp-presets\leptonica\1.75.3-1.4.1\leptonica-1.75.3-1.4.1-android-arm.jar;C:\Users\Dani\.m2\repository\org\bytedeco\javacpp-presets\leptonica\1.75.3-1.4.1\leptonica-1.75.3-1.4.1-android-arm64.jar;C:\Users\Dani\.m2\repository\org\bytedeco\javacpp-presets\leptonica\1.75.3-1.4.1\leptonica-1.75.3-1.4.1-android-x86.jar;C:\Users\Dani\.m2\repository\org\bytedeco\javacpp-presets\leptonica\1.75.3-1.4.1\leptonica-1.75.3-1.4.1-android-x86_64.jar;C:\Users\Dani\.m2\repository\org\bytedeco\javacpp-presets\leptonica\1.75.3-1.4.1\leptonica-1.75.3-1.4.1-linux-x86.jar;C:\Users\Dani\.m2\repository\org\bytedeco\javacpp-presets\leptonica\1.75.3-1.4.1\leptonica-1.75.3-1.4.1-linux-x86_64.jar;C:\Users\Dani\.m2\repository\org\bytedeco\javacpp-presets\leptonica\1.75.3-1.4.1\leptonica-1.75.3-1.4.1-linux-armhf.jar;C:\Users\Dani\.m2\repository\org\bytedeco\javacpp-presets\leptonica\1.75.3-1.4.1\leptonica-1.75.3-1.4.1-linux-ppc64le.jar;C:\Users\Dani\.m2\repository\org\bytedeco\javacpp-presets\leptonica\1.75.3-1.4.1\leptonica-1.75.3-1.4.1-macosx-x86_64.jar;C:\Users\Dani\.m2\repository\org\bytedeco\javacpp-presets\leptonica\1.75.3-1.4.1\leptonica-1.75.3-1.4.1-windows-x86.jar;C:\Users\Dani\.m2\repository\org\bytedeco\javacpp-presets\leptonica\1.75.3-1.4.1\leptonica-1.75.3-1.4.1-windows-x86_64.jar;C:\Users\Dani\.m2\repository\commons-codec\commons-codec\1.10\commons-codec-1.10.jar;C:\Users\Dani\.m2\repository\org\jfree\jfreechart\1.0.19\jfreechart-1.0.19.jar;C:\Users\Dani\.m2\repository\org\jfree\jcommon\1.0.23\jcommon-1.0.23.jar;C:\Users\Dani\.m2\repository\com\opencsv\opencsv\4.0\opencsv-4.0.jar;C:\Users\Dani\.m2\repository\org\apache\commons\commons-text\1.1\commons-text-1.1.jar;C:\Users\Dani\.m2\repository\commons-beanutils\commons-beanutils\1.9.3\commons-beanutils-1.9.3.jar;C:\Users\Dani\.m2\repository\commons-collections\commons-collections\3.2.2\commons-collections-3.2.2.jar;C:\Users\Dani\.m2\repository\org\deeplearning4j\deeplearning4j-nlp\1.0.0-alpha\deeplearning4j-nlp-1.0.0-alpha.jar;C:\Users\Dani\.m2\repository\commons-lang\commons-lang\2.6\commons-lang-2.6.jar;C:\Users\Dani\.m2\repository\org\threadly\threadly\4.10.0\threadly-4.10.0.jar;C:\Users\Dani\.m2\repository\org\nd4j\nd4j-jackson\1.0.0-alpha\nd4j-jackson-1.0.0-alpha.jar;C:\Users\Dani\.m2\repository\org\nd4j\nd4j-base64\1.0.0-alpha\nd4j-base64-1.0.0-alpha.jar;C:\Users\Dani\.m2\repository\org\deeplearning4j\deeplearning4j-zoo\1.0.0-alpha\deeplearning4j-zoo-1.0.0-alpha.jar;C:\Users\Dani\.m2\repository\org\deeplearning4j\arbiter-deeplearning4j\1.0.0-alpha\arbiter-deeplearning4j-1.0.0-alpha.jar;C:\Users\Dani\.m2\repository\org\nd4j\nd4j-jackson-reflectionloader\1.0.0-alpha\nd4j-jackson-reflectionloader-1.0.0-alpha.jar;C:\Users\Dani\.m2\repository\org\deeplearning4j\arbiter-core\1.0.0-alpha\arbiter-core-1.0.0-alpha.jar;C:\Users\Dani\.m2\repository\org\deeplearning4j\arbiter-ui_2.11\1.0.0-alpha\arbiter-ui_2.11-1.0.0-alpha.jar;C:\Users\Dani\.m2\repository\org\deeplearning4j\deeplearning4j-ui_2.11\1.0.0-alpha\deeplearning4j-ui_2.11-1.0.0-alpha.jar;C:\Users\Dani\.m2\repository\org\deeplearning4j\deeplearning4j-play_2.11\1.0.0-alpha\deeplearning4j-play_2.11-1.0.0-alpha.jar;C:\Users\Dani\.m2\repository\com\typesafe\play\play-java_2.11\2.4.8\play-java_2.11-2.4.8.jar;C:\Users\Dani\.m2\repository\com\typesafe\play\play_2.11\2.4.8\play_2.11-2.4.8.jar;C:\Users\Dani\.m2\repository\com\typesafe\play\build-link\2.4.8\build-link-2.4.8.jar;C:\Users\Dani\.m2\repository\com\typesafe\play\play-exceptions\2.4.8\play-exceptions-2.4.8.jar;C:\Users\Dani\.m2\repository\com\typesafe\play\play-iteratees_2.11\2.4.8\play-iteratees_2.11-2.4.8.jar;C:\Users\Dani\.m2\repository\com\typesafe\config\1.3.0\config-1.3.0.jar;C:\Users\Dani\.m2\repository\com\typesafe\play\play-json_2.11\2.4.8\play-json_2.11-2.4.8.jar;C:\Users\Dani\.m2\repository\com\typesafe\play\play-functional_2.11\2.4.8\play-functional_2.11-2.4.8.jar;C:\Users\Dani\.m2\repository\com\typesafe\play\play-datacommons_2.11\2.4.8\play-datacommons_2.11-2.4.8.jar;C:\Users\Dani\.m2\repository\com\typesafe\play\play-netty-utils\2.4.8\play-netty-utils-2.4.8.jar;C:\Users\Dani\.m2\repository\com\typesafe\play\twirl-api_2.11\1.1.1\twirl-api_2.11-1.1.1.jar;C:\Users\Dani\.m2\repository\org\scala-lang\modules\scala-parser-combinators_2.11\1.0.1\scala-parser-combinators_2.11-1.0.1.jar;C:\Users\Dani\.m2\repository\com\typesafe\akka\akka-actor_2.11\2.3.13\akka-actor_2.11-2.3.13.jar;C:\Users\Dani\.m2\repository\com\typesafe\akka\akka-slf4j_2.11\2.3.13\akka-slf4j_2.11-2.3.13.jar;C:\Users\Dani\.m2\repository\org\scala-stm\scala-stm_2.11\0.7\scala-stm_2.11-0.7.jar;C:\Users\Dani\.m2\repository\org\joda\joda-convert\1.7\joda-convert-1.7.jar;C:\Users\Dani\.m2\repository\xerces\xercesImpl\2.11.0\xercesImpl-2.11.0.jar;C:\Users\Dani\.m2\repository\xml-apis\xml-apis\1.4.01\xml-apis-1.4.01.jar;C:\Users\Dani\.m2\repository\javax\transaction\jta\1.1\jta-1.1.jar;C:\Users\Dani\.m2\repository\com\google\inject\guice\4.0\guice-4.0.jar;C:\Users\Dani\.m2\repository\javax\inject\javax.inject\1\javax.inject-1.jar;C:\Users\Dani\.m2\repository\aopalliance\aopalliance\1.0\aopalliance-1.0.jar;C:\Users\Dani\.m2\repository\com\google\inject\extensions\guice-assistedinject\4.0\guice-assistedinject-4.0.jar;C:\Users\Dani\.m2\repository\org\scala-lang\modules\scala-java8-compat_2.11\0.3.0\scala-java8-compat_2.11-0.3.0.jar;C:\Users\Dani\.m2\repository\org\hibernate\hibernate-validator\5.0.3.Final\hibernate-validator-5.0.3.Final.jar;C:\Users\Dani\.m2\repository\com\fasterxml\classmate\1.0.0\classmate-1.0.0.jar;C:\Users\Dani\.m2\repository\org\jboss\logging\jboss-logging\3.2.1.Final\jboss-logging-3.2.1.Final.jar;C:\Users\Dani\.m2\repository\org\springframework\spring-context\4.1.6.RELEASE\spring-context-4.1.6.RELEASE.jar;C:\Users\Dani\.m2\repository\org\springframework\spring-core\4.1.6.RELEASE\spring-core-4.1.6.RELEASE.jar;C:\Users\Dani\.m2\repository\org\springframework\spring-beans\4.1.6.RELEASE\spring-beans-4.1.6.RELEASE.jar;C:\Users\Dani\.m2\repository\net\jodah\typetools\0.4.3\typetools-0.4.3.jar;C:\Users\Dani\.m2\repository\org\apache\tomcat\tomcat-servlet-api\8.0.21\tomcat-servlet-api-8.0.21.jar;C:\Users\Dani\.m2\repository\com\typesafe\play\play-netty-server_2.11\2.4.8\play-netty-server_2.11-2.4.8.jar;C:\Users\Dani\.m2\repository\com\typesafe\play\play-server_2.11\2.4.8\play-server_2.11-2.4.8.jar;C:\Users\Dani\.m2\repository\com\typesafe\netty\netty-http-pipelining\1.1.4\netty-http-pipelining-1.1.4.jar;C:\Users\Dani\.m2\repository\com\typesafe\akka\akka-contrib_2.11\2.3.13\akka-contrib_2.11-2.3.13.jar;C:\Users\Dani\.m2\repository\com\typesafe\akka\akka-remote_2.11\2.3.13\akka-remote_2.11-2.3.13.jar;C:\Users\Dani\.m2\repository\org\uncommons\maths\uncommons-maths\1.2.2a\uncommons-maths-1.2.2a.jar;C:\Users\Dani\.m2\repository\com\typesafe\akka\akka-persistence-experimental_2.11\2.3.13\akka-persistence-experimental_2.11-2.3.13.jar;C:\Users\Dani\.m2\repository\org\iq80\leveldb\leveldb\0.5\leveldb-0.5.jar;C:\Users\Dani\.m2\repository\org\iq80\leveldb\leveldb-api\0.5\leveldb-api-0.5.jar;C:\Users\Dani\.m2\repository\com\fasterxml\jackson\datatype\jackson-datatype-jdk8\2.4.4\jackson-datatype-jdk8-2.4.4.jar;C:\Users\Dani\.m2\repository\com\fasterxml\jackson\datatype\jackson-datatype-jsr310\2.4.4\jackson-datatype-jsr310-2.4.4.jar;C:\Users\Dani\.m2\repository\com\typesafe\akka\akka-cluster_2.11\2.3.13\akka-cluster_2.11-2.3.13.jar;C:\Users\Dani\.m2\repository\com\beust\jcommander\1.27\jcommander-1.27.jar;C:\Users\Dani\.m2\repository\javax\ws\rs\javax.ws.rs-api\2.0\javax.ws.rs-api-2.0.jar;C:\Users\Dani\.m2\repository\org\deeplearning4j\deeplearning4j-ui-model\1.0.0-alpha\deeplearning4j-ui-model-1.0.0-alpha.jar;C:\Users\Dani\.m2\repository\org\agrona\Agrona\0.5.4\Agrona-0.5.4.jar;C:\Users\Dani\.m2\repository\org\mapdb\mapdb\3.0.5\mapdb-3.0.5.jar;C:\Users\Dani\.m2\repository\org\jetbrains\kotlin\kotlin-stdlib\1.0.7\kotlin-stdlib-1.0.7.jar;C:\Users\Dani\.m2\repository\org\jetbrains\kotlin\kotlin-runtime\1.0.7\kotlin-runtime-1.0.7.jar;C:\Users\Dani\.m2\repository\org\eclipse\collections\eclipse-collections-api\7.1.2\eclipse-collections-api-7.1.2.jar;C:\Users\Dani\.m2\repository\net\jcip\jcip-annotations\1.0\jcip-annotations-1.0.jar;C:\Users\Dani\.m2\repository\org\eclipse\collections\eclipse-collections\7.1.2\eclipse-collections-7.1.2.jar;C:\Users\Dani\.m2\repository\org\eclipse\collections\eclipse-collections-forkjoin\7.1.2\eclipse-collections-forkjoin-7.1.2.jar;C:\Users\Dani\.m2\repository\org\mapdb\elsa\3.0.0-M5\elsa-3.0.0-M5.jar;C:\Users\Dani\.m2\repository\org\xerial\sqlite-jdbc\3.15.1\sqlite-jdbc-3.15.1.jar;C:\Users\Dani\.m2\repository\org\deeplearning4j\deeplearning4j-ui-resources\1.0.0-alpha\deeplearning4j-ui-resources-1.0.0-alpha.jar;C:\Users\Dani\.m2\repository\org\datavec\datavec-data-codec\1.0.0-alpha\datavec-data-codec-1.0.0-alpha.jar;C:\Users\Dani\.m2\repository\org\jcodec\jcodec\0.1.5\jcodec-0.1.5.jar;C:\Users\Dani\.m2\repository\org\apache\httpcomponents\httpclient\4.5.6\httpclient-4.5.6.jar;C:\Users\Dani\.m2\repository\org\apache\httpcomponents\httpcore\4.4.10\httpcore-4.4.10.jar;C:\Users\Dani\.m2\repository\commons-logging\commons-logging\1.2\commons-logging-1.2.jar;C:\Users\Dani\.m2\repository\ch\qos\logback\logback-classic\1.2.3\logback-classic-1.2.3.jar;C:\Users\Dani\.m2\repository\ch\qos\logback\logback-core\1.2.3\logback-core-1.2.3.jar;"/>
    <property name="java.vm.vendor" value="Oracle Corporation"/>
    <property name="sun.arch.data.model" value="64"/>
    <property name="user.variant" value=""/>
    <property name="java.vendor.url" value="http://java.oracle.com/"/>
    <property name="user.timezone" value="Europe/London"/>
    <property name="java.vm.specification.version" value="1.8"/>
    <property name="os.name" value="Windows 10"/>
    <property name="user.country" value="ES"/>
    <property name="sun.java.launcher" value="SUN_STANDARD"/>
    <property name="sun.boot.library.path" value="C:\Program Files\Java\jdk1.8.0_191\jre\bin"/>
    <property name="sun.java.command" value="C:\Users\Dani\AppData\Local\Temp\surefire7450475253600139718\surefirebooter7836698276164820108.jar C:\Users\Dani\AppData\Local\Temp\surefire7450475253600139718 2018-12-23T17-16-25_322-jvmRun1 surefire3112263074475514608tmp surefire_08449895068567322245tmp"/>
    <property name="surefire.test.class.path" value="C:\Users\Dani\Downloads\Lab\StockPricePrediction\target\test-classes;C:\Users\Dani\Downloads\Lab\StockPricePrediction\target\classes;C:\Users\Dani\.m2\repository\junit\junit\4.12\junit-4.12.jar;C:\Users\Dani\.m2\repository\org\hamcrest\hamcrest-core\1.3\hamcrest-core-1.3.jar;C:\Users\Dani\.m2\repository\org\nd4j\nd4j-native-platform\1.0.0-alpha\nd4j-native-platform-1.0.0-alpha.jar;C:\Users\Dani\.m2\repository\org\bytedeco\javacpp-presets\openblas-platform\0.2.20-1.4.1\openblas-platform-0.2.20-1.4.1.jar;C:\Users\Dani\.m2\repository\org\bytedeco\javacpp-presets\openblas\0.2.20-1.4.1\openblas-0.2.20-1.4.1-android-arm.jar;C:\Users\Dani\.m2\repository\org\bytedeco\javacpp-presets\openblas\0.2.20-1.4.1\openblas-0.2.20-1.4.1-android-arm64.jar;C:\Users\Dani\.m2\repository\org\bytedeco\javacpp-presets\openblas\0.2.20-1.4.1\openblas-0.2.20-1.4.1-android-x86.jar;C:\Users\Dani\.m2\repository\org\bytedeco\javacpp-presets\openblas\0.2.20-1.4.1\openblas-0.2.20-1.4.1-android-x86_64.jar;C:\Users\Dani\.m2\repository\org\bytedeco\javacpp-presets\openblas\0.2.20-1.4.1\openblas-0.2.20-1.4.1-ios-arm64.jar;C:\Users\Dani\.m2\repository\org\bytedeco\javacpp-presets\openblas\0.2.20-1.4.1\openblas-0.2.20-1.4.1-ios-x86_64.jar;C:\Users\Dani\.m2\repository\org\bytedeco\javacpp-presets\openblas\0.2.20-1.4.1\openblas-0.2.20-1.4.1-linux-x86.jar;C:\Users\Dani\.m2\repository\org\bytedeco\javacpp-presets\openblas\0.2.20-1.4.1\openblas-0.2.20-1.4.1-linux-x86_64.jar;C:\Users\Dani\.m2\repository\org\bytedeco\javacpp-presets\openblas\0.2.20-1.4.1\openblas-0.2.20-1.4.1-linux-armhf.jar;C:\Users\Dani\.m2\repository\org\bytedeco\javacpp-presets\openblas\0.2.20-1.4.1\openblas-0.2.20-1.4.1-linux-ppc64le.jar;C:\Users\Dani\.m2\repository\org\bytedeco\javacpp-presets\openblas\0.2.20-1.4.1\openblas-0.2.20-1.4.1-macosx-x86_64.jar;C:\Users\Dani\.m2\repository\org\bytedeco\javacpp-presets\openblas\0.2.20-1.4.1\openblas-0.2.20-1.4.1-windows-x86.jar;C:\Users\Dani\.m2\repository\org\bytedeco\javacpp-presets\mkl-platform\2018.1-1.4.1\mkl-platform-2018.1-1.4.1.jar;C:\Users\Dani\.m2\repository\org\bytedeco\javacpp-presets\mkl\2018.1-1.4.1\mkl-2018.1-1.4.1-linux-x86.jar;C:\Users\Dani\.m2\repository\org\bytedeco\javacpp-presets\mkl\2018.1-1.4.1\mkl-2018.1-1.4.1-linux-x86_64.jar;C:\Users\Dani\.m2\repository\org\bytedeco\javacpp-presets\mkl\2018.1-1.4.1\mkl-2018.1-1.4.1-macosx-x86_64.jar;C:\Users\Dani\.m2\repository\org\bytedeco\javacpp-presets\mkl\2018.1-1.4.1\mkl-2018.1-1.4.1-windows-x86.jar;C:\Users\Dani\.m2\repository\org\bytedeco\javacpp-presets\mkl\2018.1-1.4.1\mkl-2018.1-1.4.1-windows-x86_64.jar;C:\Users\Dani\.m2\repository\org\nd4j\nd4j-native\1.0.0-alpha\nd4j-native-1.0.0-alpha.jar;C:\Users\Dani\.m2\repository\org\nd4j\nd4j-native\1.0.0-alpha\nd4j-native-1.0.0-alpha-android-arm.jar;C:\Users\Dani\.m2\repository\org\nd4j\nd4j-native\1.0.0-alpha\nd4j-native-1.0.0-alpha-android-arm64.jar;C:\Users\Dani\.m2\repository\org\nd4j\nd4j-native\1.0.0-alpha\nd4j-native-1.0.0-alpha-android-x86.jar;C:\Users\Dani\.m2\repository\org\nd4j\nd4j-native\1.0.0-alpha\nd4j-native-1.0.0-alpha-android-x86_64.jar;C:\Users\Dani\.m2\repository\org\nd4j\nd4j-native\1.0.0-alpha\nd4j-native-1.0.0-alpha-ios-arm64.jar;C:\Users\Dani\.m2\repository\org\nd4j\nd4j-native\1.0.0-alpha\nd4j-native-1.0.0-alpha-ios-x86_64.jar;C:\Users\Dani\.m2\repository\org\nd4j\nd4j-native\1.0.0-alpha\nd4j-native-1.0.0-alpha-linux-x86_64.jar;C:\Users\Dani\.m2\repository\org\nd4j\nd4j-native\1.0.0-alpha\nd4j-native-1.0.0-alpha-macosx-x86_64.jar;C:\Users\Dani\.m2\repository\org\nd4j\nd4j-native\1.0.0-alpha\nd4j-native-1.0.0-alpha-windows-x86_64.jar;C:\Users\Dani\.m2\repository\org\nd4j\nd4j-native\1.0.0-alpha\nd4j-native-1.0.0-alpha-linux-ppc64le.jar;C:\Users\Dani\.m2\repository\org\deeplearning4j\dl4j-spark_2.11\1.0.0-alpha_spark_2\dl4j-spark_2.11-1.0.0-alpha_spark_2.jar;C:\Users\Dani\.m2\repository\org\datavec\datavec-spark_2.11\1.0.0-alpha_spark_2\datavec-spark_2.11-1.0.0-alpha_spark_2.jar;C:\Users\Dani\.m2\repository\org\apache\spark\spark-sql_2.11\2.1.0\spark-sql_2.11-2.1.0.jar;C:\Users\Dani\.m2\repository\com\univocity\univocity-parsers\2.2.1\univocity-parsers-2.2.1.jar;C:\Users\Dani\.m2\repository\org\apache\spark\spark-sketch_2.11\2.1.0\spark-sketch_2.11-2.1.0.jar;C:\Users\Dani\.m2\repository\org\apache\spark\spark-catalyst_2.11\2.1.0\spark-catalyst_2.11-2.1.0.jar;C:\Users\Dani\.m2\repository\org\codehaus\janino\janino\3.0.0\janino-3.0.0.jar;C:\Users\Dani\.m2\repository\org\codehaus\janino\commons-compiler\3.0.0\commons-compiler-3.0.0.jar;C:\Users\Dani\.m2\repository\org\antlr\antlr4-runtime\4.5.3\antlr4-runtime-4.5.3.jar;C:\Users\Dani\.m2\repository\org\apache\parquet\parquet-column\1.8.1\parquet-column-1.8.1.jar;C:\Users\Dani\.m2\repository\org\apache\parquet\parquet-common\1.8.1\parquet-common-1.8.1.jar;C:\Users\Dani\.m2\repository\org\apache\parquet\parquet-encoding\1.8.1\parquet-encoding-1.8.1.jar;C:\Users\Dani\.m2\repository\org\apache\parquet\parquet-hadoop\1.8.1\parquet-hadoop-1.8.1.jar;C:\Users\Dani\.m2\repository\org\apache\parquet\parquet-format\2.3.0-incubating\parquet-format-2.3.0-incubating.jar;C:\Users\Dani\.m2\repository\org\apache\parquet\parquet-jackson\1.8.1\parquet-jackson-1.8.1.jar;C:\Users\Dani\.m2\repository\com\clearspring\analytics\stream\2.7.0\stream-2.7.0.jar;C:\Users\Dani\.m2\repository\it\unimi\dsi\fastutil\6.5.7\fastutil-6.5.7.jar;C:\Users\Dani\.m2\repository\org\datavec\datavec-hadoop\1.0.0-alpha\datavec-hadoop-1.0.0-alpha.jar;C:\Users\Dani\.m2\repository\org\deeplearning4j\deeplearning4j-ui-components\1.0.0-alpha\deeplearning4j-ui-components-1.0.0-alpha.jar;C:\Users\Dani\.m2\repository\org\freemarker\freemarker\2.3.23\freemarker-2.3.23.jar;C:\Users\Dani\.m2\repository\org\nd4j\jackson\1.0.0-alpha\jackson-1.0.0-alpha.jar;C:\Users\Dani\.m2\repository\org\yaml\snakeyaml\1.12\snakeyaml-1.12.jar;C:\Users\Dani\.m2\repository\org\codehaus\woodstox\stax2-api\3.1.4\stax2-api-3.1.4.jar;C:\Users\Dani\.m2\repository\joda-time\joda-time\2.2\joda-time-2.2.jar;C:\Users\Dani\.m2\repository\org\apache\spark\spark-mllib_2.11\2.1.0\spark-mllib_2.11-2.1.0.jar;C:\Users\Dani\.m2\repository\org\apache\spark\spark-streaming_2.11\2.1.0\spark-streaming_2.11-2.1.0.jar;C:\Users\Dani\.m2\repository\org\apache\spark\spark-graphx_2.11\2.1.0\spark-graphx_2.11-2.1.0.jar;C:\Users\Dani\.m2\repository\com\github\fommil\netlib\core\1.1.2\core-1.1.2.jar;C:\Users\Dani\.m2\repository\net\sourceforge\f2j\arpack_combined_all\0.1\arpack_combined_all-0.1.jar;C:\Users\Dani\.m2\repository\org\apache\spark\spark-mllib-local_2.11\2.1.0\spark-mllib-local_2.11-2.1.0.jar;C:\Users\Dani\.m2\repository\org\scalanlp\breeze_2.11\0.12\breeze_2.11-0.12.jar;C:\Users\Dani\.m2\repository\org\scalanlp\breeze-macros_2.11\0.12\breeze-macros_2.11-0.12.jar;C:\Users\Dani\.m2\repository\com\github\rwl\jtransforms\2.4.0\jtransforms-2.4.0.jar;C:\Users\Dani\.m2\repository\org\spire-math\spire_2.11\0.7.4\spire_2.11-0.7.4.jar;C:\Users\Dani\.m2\repository\org\spire-math\spire-macros_2.11\0.7.4\spire-macros_2.11-0.7.4.jar;C:\Users\Dani\.m2\repository\com\chuusai\shapeless_2.11\2.0.0\shapeless_2.11-2.0.0.jar;C:\Users\Dani\.m2\repository\org\jpmml\pmml-model\1.2.15\pmml-model-1.2.15.jar;C:\Users\Dani\.m2\repository\org\jpmml\pmml-schema\1.2.15\pmml-schema-1.2.15.jar;C:\Users\Dani\.m2\repository\org\apache\spark\spark-tags_2.11\2.1.0\spark-tags_2.11-2.1.0.jar;C:\Users\Dani\.m2\repository\org\scalatest\scalatest_2.11\2.2.6\scalatest_2.11-2.2.6.jar;C:\Users\Dani\.m2\repository\org\scala-lang\modules\scala-xml_2.11\1.0.2\scala-xml_2.11-1.0.2.jar;C:\Users\Dani\.m2\repository\org\spark-project\spark\unused\1.0.0\unused-1.0.0.jar;C:\Users\Dani\.m2\repository\org\scala-lang\scala-library\2.11.8\scala-library-2.11.8.jar;C:\Users\Dani\.m2\repository\org\apache\spark\spark-core_2.11\2.1.0\spark-core_2.11-2.1.0.jar;C:\Users\Dani\.m2\repository\org\apache\avro\avro-mapred\1.7.7\avro-mapred-1.7.7-hadoop2.jar;C:\Users\Dani\.m2\repository\org\apache\avro\avro-ipc\1.7.7\avro-ipc-1.7.7.jar;C:\Users\Dani\.m2\repository\org\apache\avro\avro\1.7.7\avro-1.7.7.jar;C:\Users\Dani\.m2\repository\org\apache\avro\avro-ipc\1.7.7\avro-ipc-1.7.7-tests.jar;C:\Users\Dani\.m2\repository\org\codehaus\jackson\jackson-core-asl\1.9.13\jackson-core-asl-1.9.13.jar;C:\Users\Dani\.m2\repository\org\codehaus\jackson\jackson-mapper-asl\1.9.13\jackson-mapper-asl-1.9.13.jar;C:\Users\Dani\.m2\repository\com\twitter\chill_2.11\0.8.0\chill_2.11-0.8.0.jar;C:\Users\Dani\.m2\repository\com\esotericsoftware\kryo-shaded\3.0.3\kryo-shaded-3.0.3.jar;C:\Users\Dani\.m2\repository\com\esotericsoftware\minlog\1.3.0\minlog-1.3.0.jar;C:\Users\Dani\.m2\repository\com\twitter\chill-java\0.8.0\chill-java-0.8.0.jar;C:\Users\Dani\.m2\repository\org\apache\xbean\xbean-asm5-shaded\4.4\xbean-asm5-shaded-4.4.jar;C:\Users\Dani\.m2\repository\org\apache\hadoop\hadoop-client\2.2.0\hadoop-client-2.2.0.jar;C:\Users\Dani\.m2\repository\org\apache\hadoop\hadoop-common\2.2.0\hadoop-common-2.2.0.jar;C:\Users\Dani\.m2\repository\commons-cli\commons-cli\1.2\commons-cli-1.2.jar;C:\Users\Dani\.m2\repository\org\apache\commons\commons-math\2.1\commons-math-2.1.jar;C:\Users\Dani\.m2\repository\xmlenc\xmlenc\0.52\xmlenc-0.52.jar;C:\Users\Dani\.m2\repository\commons-configuration\commons-configuration\1.6\commons-configuration-1.6.jar;C:\Users\Dani\.m2\repository\commons-digester\commons-digester\1.8\commons-digester-1.8.jar;C:\Users\Dani\.m2\repository\commons-beanutils\commons-beanutils-core\1.8.0\commons-beanutils-core-1.8.0.jar;C:\Users\Dani\.m2\repository\com\google\protobuf\protobuf-java\2.5.0\protobuf-java-2.5.0.jar;C:\Users\Dani\.m2\repository\org\apache\hadoop\hadoop-auth\2.2.0\hadoop-auth-2.2.0.jar;C:\Users\Dani\.m2\repository\org\apache\hadoop\hadoop-hdfs\2.2.0\hadoop-hdfs-2.2.0.jar;C:\Users\Dani\.m2\repository\org\mortbay\jetty\jetty-util\6.1.26\jetty-util-6.1.26.jar;C:\Users\Dani\.m2\repository\org\apache\hadoop\hadoop-mapreduce-client-app\2.2.0\hadoop-mapreduce-client-app-2.2.0.jar;C:\Users\Dani\.m2\repository\org\apache\hadoop\hadoop-mapreduce-client-common\2.2.0\hadoop-mapreduce-client-common-2.2.0.jar;C:\Users\Dani\.m2\repository\org\apache\hadoop\hadoop-yarn-client\2.2.0\hadoop-yarn-client-2.2.0.jar;C:\Users\Dani\.m2\repository\org\apache\hadoop\hadoop-yarn-server-common\2.2.0\hadoop-yarn-server-common-2.2.0.jar;C:\Users\Dani\.m2\repository\org\apache\hadoop\hadoop-mapreduce-client-shuffle\2.2.0\hadoop-mapreduce-client-shuffle-2.2.0.jar;C:\Users\Dani\.m2\repository\org\apache\hadoop\hadoop-yarn-api\2.2.0\hadoop-yarn-api-2.2.0.jar;C:\Users\Dani\.m2\repository\org\apache\hadoop\hadoop-mapreduce-client-core\2.2.0\hadoop-mapreduce-client-core-2.2.0.jar;C:\Users\Dani\.m2\repository\org\apache\hadoop\hadoop-yarn-common\2.2.0\hadoop-yarn-common-2.2.0.jar;C:\Users\Dani\.m2\repository\org\apache\hadoop\hadoop-mapreduce-client-jobclient\2.2.0\hadoop-mapreduce-client-jobclient-2.2.0.jar;C:\Users\Dani\.m2\repository\org\apache\hadoop\hadoop-annotations\2.2.0\hadoop-annotations-2.2.0.jar;C:\Users\Dani\.m2\repository\org\apache\spark\spark-launcher_2.11\2.1.0\spark-launcher_2.11-2.1.0.jar;C:\Users\Dani\.m2\repository\org\apache\spark\spark-network-common_2.11\2.1.0\spark-network-common_2.11-2.1.0.jar;C:\Users\Dani\.m2\repository\org\fusesource\leveldbjni\leveldbjni-all\1.8\leveldbjni-all-1.8.jar;C:\Users\Dani\.m2\repository\com\fasterxml\jackson\core\jackson-annotations\2.6.5\jackson-annotations-2.6.5.jar;C:\Users\Dani\.m2\repository\org\apache\spark\spark-network-shuffle_2.11\2.1.0\spark-network-shuffle_2.11-2.1.0.jar;C:\Users\Dani\.m2\repository\org\apache\spark\spark-unsafe_2.11\2.1.0\spark-unsafe_2.11-2.1.0.jar;C:\Users\Dani\.m2\repository\net\java\dev\jets3t\jets3t\0.7.1\jets3t-0.7.1.jar;C:\Users\Dani\.m2\repository\commons-httpclient\commons-httpclient\3.1\commons-httpclient-3.1.jar;C:\Users\Dani\.m2\repository\org\apache\curator\curator-recipes\2.4.0\curator-recipes-2.4.0.jar;C:\Users\Dani\.m2\repository\org\apache\curator\curator-framework\2.4.0\curator-framework-2.4.0.jar;C:\Users\Dani\.m2\repository\org\apache\curator\curator-client\2.4.0\curator-client-2.4.0.jar;C:\Users\Dani\.m2\repository\org\apache\zookeeper\zookeeper\3.4.5\zookeeper-3.4.5.jar;C:\Users\Dani\.m2\repository\javax\servlet\javax.servlet-api\3.1.0\javax.servlet-api-3.1.0.jar;C:\Users\Dani\.m2\repository\org\slf4j\jul-to-slf4j\1.7.16\jul-to-slf4j-1.7.16.jar;C:\Users\Dani\.m2\repository\org\slf4j\jcl-over-slf4j\1.7.16\jcl-over-slf4j-1.7.16.jar;C:\Users\Dani\.m2\repository\log4j\log4j\1.2.17\log4j-1.2.17.jar;C:\Users\Dani\.m2\repository\org\slf4j\slf4j-log4j12\1.7.16\slf4j-log4j12-1.7.16.jar;C:\Users\Dani\.m2\repository\com\ning\compress-lzf\1.0.3\compress-lzf-1.0.3.jar;C:\Users\Dani\.m2\repository\org\xerial\snappy\snappy-java\1.1.2.6\snappy-java-1.1.2.6.jar;C:\Users\Dani\.m2\repository\net\jpountz\lz4\lz4\1.3.0\lz4-1.3.0.jar;C:\Users\Dani\.m2\repository\org\roaringbitmap\RoaringBitmap\0.5.11\RoaringBitmap-0.5.11.jar;C:\Users\Dani\.m2\repository\commons-net\commons-net\2.2\commons-net-2.2.jar;C:\Users\Dani\.m2\repository\org\json4s\json4s-jackson_2.11\3.2.11\json4s-jackson_2.11-3.2.11.jar;C:\Users\Dani\.m2\repository\org\json4s\json4s-core_2.11\3.2.11\json4s-core_2.11-3.2.11.jar;C:\Users\Dani\.m2\repository\org\json4s\json4s-ast_2.11\3.2.11\json4s-ast_2.11-3.2.11.jar;C:\Users\Dani\.m2\repository\com\thoughtworks\paranamer\paranamer\2.6\paranamer-2.6.jar;C:\Users\Dani\.m2\repository\org\scala-lang\scalap\2.11.0\scalap-2.11.0.jar;C:\Users\Dani\.m2\repository\org\scala-lang\scala-compiler\2.11.0\scala-compiler-2.11.0.jar;C:\Users\Dani\.m2\repository\org\glassfish\jersey\core\jersey-client\2.22.2\jersey-client-2.22.2.jar;C:\Users\Dani\.m2\repository\org\glassfish\hk2\hk2-api\2.4.0-b34\hk2-api-2.4.0-b34.jar;C:\Users\Dani\.m2\repository\org\glassfish\hk2\hk2-utils\2.4.0-b34\hk2-utils-2.4.0-b34.jar;C:\Users\Dani\.m2\repository\org\glassfish\hk2\external\aopalliance-repackaged\2.4.0-b34\aopalliance-repackaged-2.4.0-b34.jar;C:\Users\Dani\.m2\repository\org\glassfish\hk2\external\javax.inject\2.4.0-b34\javax.inject-2.4.0-b34.jar;C:\Users\Dani\.m2\repository\org\glassfish\hk2\hk2-locator\2.4.0-b34\hk2-locator-2.4.0-b34.jar;C:\Users\Dani\.m2\repository\org\glassfish\jersey\core\jersey-common\2.22.2\jersey-common-2.22.2.jar;C:\Users\Dani\.m2\repository\javax\annotation\javax.annotation-api\1.2\javax.annotation-api-1.2.jar;C:\Users\Dani\.m2\repository\org\glassfish\jersey\bundles\repackaged\jersey-guava\2.22.2\jersey-guava-2.22.2.jar;C:\Users\Dani\.m2\repository\org\glassfish\hk2\osgi-resource-locator\1.0.1\osgi-resource-locator-1.0.1.jar;C:\Users\Dani\.m2\repository\org\glassfish\jersey\core\jersey-server\2.22.2\jersey-server-2.22.2.jar;C:\Users\Dani\.m2\repository\org\glassfish\jersey\media\jersey-media-jaxb\2.22.2\jersey-media-jaxb-2.22.2.jar;C:\Users\Dani\.m2\repository\javax\validation\validation-api\1.1.0.Final\validation-api-1.1.0.Final.jar;C:\Users\Dani\.m2\repository\org\glassfish\jersey\containers\jersey-container-servlet\2.22.2\jersey-container-servlet-2.22.2.jar;C:\Users\Dani\.m2\repository\org\glassfish\jersey\containers\jersey-container-servlet-core\2.22.2\jersey-container-servlet-core-2.22.2.jar;C:\Users\Dani\.m2\repository\io\netty\netty-all\4.0.42.Final\netty-all-4.0.42.Final.jar;C:\Users\Dani\.m2\repository\io\netty\netty\3.8.0.Final\netty-3.8.0.Final.jar;C:\Users\Dani\.m2\repository\io\dropwizard\metrics\metrics-core\3.1.2\metrics-core-3.1.2.jar;C:\Users\Dani\.m2\repository\io\dropwizard\metrics\metrics-jvm\3.1.2\metrics-jvm-3.1.2.jar;C:\Users\Dani\.m2\repository\io\dropwizard\metrics\metrics-json\3.1.2\metrics-json-3.1.2.jar;C:\Users\Dani\.m2\repository\io\dropwizard\metrics\metrics-graphite\3.1.2\metrics-graphite-3.1.2.jar;C:\Users\Dani\.m2\repository\com\fasterxml\jackson\core\jackson-databind\2.6.5\jackson-databind-2.6.5.jar;C:\Users\Dani\.m2\repository\com\fasterxml\jackson\core\jackson-core\2.6.5\jackson-core-2.6.5.jar;C:\Users\Dani\.m2\repository\com\fasterxml\jackson\module\jackson-module-scala_2.11\2.6.5\jackson-module-scala_2.11-2.6.5.jar;C:\Users\Dani\.m2\repository\org\scala-lang\scala-reflect\2.11.7\scala-reflect-2.11.7.jar;C:\Users\Dani\.m2\repository\com\fasterxml\jackson\module\jackson-module-paranamer\2.6.5\jackson-module-paranamer-2.6.5.jar;C:\Users\Dani\.m2\repository\org\apache\ivy\ivy\2.4.0\ivy-2.4.0.jar;C:\Users\Dani\.m2\repository\oro\oro\2.0.8\oro-2.0.8.jar;C:\Users\Dani\.m2\repository\net\razorvine\pyrolite\4.13\pyrolite-4.13.jar;C:\Users\Dani\.m2\repository\net\sf\py4j\py4j\0.10.4\py4j-0.10.4.jar;C:\Users\Dani\.m2\repository\org\apache\commons\commons-crypto\1.0.0\commons-crypto-1.0.0.jar;C:\Users\Dani\.m2\repository\org\bytedeco\javacpp\1.4.1\javacpp-1.4.1.jar;C:\Users\Dani\.m2\repository\org\bytedeco\javacpp-presets\openblas\0.2.20-1.4.1\openblas-0.2.20-1.4.1.jar;C:\Users\Dani\.m2\repository\org\bytedeco\javacpp-presets\openblas\0.2.20-1.4.1\openblas-0.2.20-1.4.1-windows-x86_64.jar;C:\Users\Dani\.m2\repository\org\bytedeco\javacpp-presets\mkl\2018.1-1.4.1\mkl-2018.1-1.4.1.jar;C:\Users\Dani\.m2\repository\org\nd4j\nd4j-native-api\1.0.0-alpha\nd4j-native-api-1.0.0-alpha.jar;C:\Users\Dani\.m2\repository\org\nd4j\nd4j-buffer\1.0.0-alpha\nd4j-buffer-1.0.0-alpha.jar;C:\Users\Dani\.m2\repository\org\nd4j\nd4j-api\1.0.0-alpha\nd4j-api-1.0.0-alpha.jar;C:\Users\Dani\.m2\repository\com\vlkan\flatbuffers\1.2.0-3f79e055\flatbuffers-1.2.0-3f79e055.jar;C:\Users\Dani\.m2\repository\com\github\os72\protobuf-java-shaded-351\0.9\protobuf-java-shaded-351-0.9.jar;C:\Users\Dani\.m2\repository\com\github\os72\protobuf-java-util-shaded-351\0.9\protobuf-java-util-shaded-351-0.9.jar;C:\Users\Dani\.m2\repository\com\google\guava\guava\19.0\guava-19.0.jar;C:\Users\Dani\.m2\repository\com\google\code\gson\gson\2.7\gson-2.7.jar;C:\Users\Dani\.m2\repository\uk\com\robust-it\cloning\1.9.3\cloning-1.9.3.jar;C:\Users\Dani\.m2\repository\org\objenesis\objenesis\2.1\objenesis-2.1.jar;C:\Users\Dani\.m2\repository\org\nd4j\nd4j-context\1.0.0-alpha\nd4j-context-1.0.0-alpha.jar;C:\Users\Dani\.m2\repository\net\ericaro\neoitertools\1.0.0\neoitertools-1.0.0.jar;C:\Users\Dani\.m2\repository\org\reflections\reflections\0.9.10\reflections-0.9.10.jar;C:\Users\Dani\.m2\repository\org\javassist\javassist\3.19.0-GA\javassist-3.19.0-GA.jar;C:\Users\Dani\.m2\repository\org\deeplearning4j\deeplearning4j-core\1.0.0-alpha\deeplearning4j-core-1.0.0-alpha.jar;C:\Users\Dani\.m2\repository\org\deeplearning4j\deeplearning4j-tsne\1.0.0-alpha\deeplearning4j-tsne-1.0.0-alpha.jar;C:\Users\Dani\.m2\repository\org\projectlombok\lombok\1.16.20\lombok-1.16.20.jar;C:\Users\Dani\.m2\repository\org\deeplearning4j\deeplearning4j-datasets\1.0.0-alpha\deeplearning4j-datasets-1.0.0-alpha.jar;C:\Users\Dani\.m2\repository\org\deeplearning4j\deeplearning4j-datavec-iterators\1.0.0-alpha\deeplearning4j-datavec-iterators-1.0.0-alpha.jar;C:\Users\Dani\.m2\repository\org\deeplearning4j\nearestneighbor-core\1.0.0-alpha\nearestneighbor-core-1.0.0-alpha.jar;C:\Users\Dani\.m2\repository\org\deeplearning4j\deeplearning4j-modelimport\1.0.0-alpha\deeplearning4j-modelimport-1.0.0-alpha.jar;C:\Users\Dani\.m2\repository\org\bytedeco\javacpp-presets\hdf5-platform\1.10.1-1.4.1\hdf5-platform-1.10.1-1.4.1.jar;C:\Users\Dani\.m2\repository\org\bytedeco\javacpp-presets\hdf5\1.10.1-1.4.1\hdf5-1.10.1-1.4.1.jar;C:\Users\Dani\.m2\repository\org\bytedeco\javacpp-presets\hdf5\1.10.1-1.4.1\hdf5-1.10.1-1.4.1-linux-x86.jar;C:\Users\Dani\.m2\repository\org\bytedeco\javacpp-presets\hdf5\1.10.1-1.4.1\hdf5-1.10.1-1.4.1-linux-x86_64.jar;C:\Users\Dani\.m2\repository\org\bytedeco\javacpp-presets\hdf5\1.10.1-1.4.1\hdf5-1.10.1-1.4.1-linux-ppc64le.jar;C:\Users\Dani\.m2\repository\org\bytedeco\javacpp-presets\hdf5\1.10.1-1.4.1\hdf5-1.10.1-1.4.1-macosx-x86_64.jar;C:\Users\Dani\.m2\repository\org\bytedeco\javacpp-presets\hdf5\1.10.1-1.4.1\hdf5-1.10.1-1.4.1-windows-x86.jar;C:\Users\Dani\.m2\repository\org\bytedeco\javacpp-presets\hdf5\1.10.1-1.4.1\hdf5-1.10.1-1.4.1-windows-x86_64.jar;C:\Users\Dani\.m2\repository\org\slf4j\slf4j-api\1.7.12\slf4j-api-1.7.12.jar;C:\Users\Dani\.m2\repository\org\deeplearning4j\deeplearning4j-nn\1.0.0-alpha\deeplearning4j-nn-1.0.0-alpha.jar;C:\Users\Dani\.m2\repository\org\deeplearning4j\deeplearning4j-utility-iterators\1.0.0-alpha\deeplearning4j-utility-iterators-1.0.0-alpha.jar;C:\Users\Dani\.m2\repository\org\deeplearning4j\deeplearning4j-util\1.0.0-alpha\deeplearning4j-util-1.0.0-alpha.jar;C:\Users\Dani\.m2\repository\org\nd4j\nd4j-common\1.0.0-alpha\nd4j-common-1.0.0-alpha.jar;C:\Users\Dani\.m2\repository\org\apache\commons\commons-math3\3.4.1\commons-math3-3.4.1.jar;C:\Users\Dani\.m2\repository\commons-io\commons-io\2.4\commons-io-2.4.jar;C:\Users\Dani\.m2\repository\org\apache\commons\commons-compress\1.8\commons-compress-1.8.jar;C:\Users\Dani\.m2\repository\org\tukaani\xz\1.5\xz-1.5.jar;C:\Users\Dani\.m2\repository\org\apache\commons\commons-lang3\3.4\commons-lang3-3.4.jar;C:\Users\Dani\.m2\repository\org\datavec\datavec-api\1.0.0-alpha\datavec-api-1.0.0-alpha.jar;C:\Users\Dani\.m2\repository\org\jetbrains\annotations\13.0\annotations-13.0.jar;C:\Users\Dani\.m2\repository\net\sf\opencsv\opencsv\2.3\opencsv-2.3.jar;C:\Users\Dani\.m2\repository\com\tdunning\t-digest\3.2\t-digest-3.2.jar;C:\Users\Dani\.m2\repository\org\datavec\datavec-data-image\1.0.0-alpha\datavec-data-image-1.0.0-alpha.jar;C:\Users\Dani\.m2\repository\com\github\jai-imageio\jai-imageio-core\1.3.0\jai-imageio-core-1.3.0.jar;C:\Users\Dani\.m2\repository\com\twelvemonkeys\imageio\imageio-jpeg\3.1.1\imageio-jpeg-3.1.1.jar;C:\Users\Dani\.m2\repository\com\twelvemonkeys\imageio\imageio-core\3.1.1\imageio-core-3.1.1.jar;C:\Users\Dani\.m2\repository\com\twelvemonkeys\imageio\imageio-metadata\3.1.1\imageio-metadata-3.1.1.jar;C:\Users\Dani\.m2\repository\com\twelvemonkeys\common\common-lang\3.1.1\common-lang-3.1.1.jar;C:\Users\Dani\.m2\repository\com\twelvemonkeys\common\common-io\3.1.1\common-io-3.1.1.jar;C:\Users\Dani\.m2\repository\com\twelvemonkeys\common\common-image\3.1.1\common-image-3.1.1.jar;C:\Users\Dani\.m2\repository\com\twelvemonkeys\imageio\imageio-tiff\3.1.1\imageio-tiff-3.1.1.jar;C:\Users\Dani\.m2\repository\com\twelvemonkeys\imageio\imageio-psd\3.1.1\imageio-psd-3.1.1.jar;C:\Users\Dani\.m2\repository\com\twelvemonkeys\imageio\imageio-bmp\3.1.1\imageio-bmp-3.1.1.jar;C:\Users\Dani\.m2\repository\org\bytedeco\javacv\1.4.1\javacv-1.4.1.jar;C:\Users\Dani\.m2\repository\org\bytedeco\javacpp-presets\opencv\3.4.1-1.4.1\opencv-3.4.1-1.4.1.jar;C:\Users\Dani\.m2\repository\org\bytedeco\javacpp-presets\ffmpeg\3.4.2-1.4.1\ffmpeg-3.4.2-1.4.1.jar;C:\Users\Dani\.m2\repository\org\bytedeco\javacpp-presets\flycapture\2.11.3.121-1.4.1\flycapture-2.11.3.121-1.4.1.jar;C:\Users\Dani\.m2\repository\org\bytedeco\javacpp-presets\libdc1394\2.2.5-1.4.1\libdc1394-2.2.5-1.4.1.jar;C:\Users\Dani\.m2\repository\org\bytedeco\javacpp-presets\libfreenect\0.5.3-1.4.1\libfreenect-0.5.3-1.4.1.jar;C:\Users\Dani\.m2\repository\org\bytedeco\javacpp-presets\libfreenect2\0.2.0-1.4.1\libfreenect2-0.2.0-1.4.1.jar;C:\Users\Dani\.m2\repository\org\bytedeco\javacpp-presets\librealsense\1.12.1-1.4.1\librealsense-1.12.1-1.4.1.jar;C:\Users\Dani\.m2\repository\org\bytedeco\javacpp-presets\videoinput\0.200-1.4.1\videoinput-0.200-1.4.1.jar;C:\Users\Dani\.m2\repository\org\bytedeco\javacpp-presets\artoolkitplus\2.3.1-1.4.1\artoolkitplus-2.3.1-1.4.1.jar;C:\Users\Dani\.m2\repository\org\bytedeco\javacpp-presets\flandmark\1.07-1.4.1\flandmark-1.07-1.4.1.jar;C:\Users\Dani\.m2\repository\org\bytedeco\javacpp-presets\opencv-platform\3.4.1-1.4.1\opencv-platform-3.4.1-1.4.1.jar;C:\Users\Dani\.m2\repository\org\bytedeco\javacpp-presets\opencv\3.4.1-1.4.1\opencv-3.4.1-1.4.1-android-arm.jar;C:\Users\Dani\.m2\repository\org\bytedeco\javacpp-presets\opencv\3.4.1-1.4.1\opencv-3.4.1-1.4.1-android-arm64.jar;C:\Users\Dani\.m2\repository\org\bytedeco\javacpp-presets\opencv\3.4.1-1.4.1\opencv-3.4.1-1.4.1-android-x86.jar;C:\Users\Dani\.m2\repository\org\bytedeco\javacpp-presets\opencv\3.4.1-1.4.1\opencv-3.4.1-1.4.1-android-x86_64.jar;C:\Users\Dani\.m2\repository\org\bytedeco\javacpp-presets\opencv\3.4.1-1.4.1\opencv-3.4.1-1.4.1-ios-arm64.jar;C:\Users\Dani\.m2\repository\org\bytedeco\javacpp-presets\opencv\3.4.1-1.4.1\opencv-3.4.1-1.4.1-ios-x86_64.jar;C:\Users\Dani\.m2\repository\org\bytedeco\javacpp-presets\opencv\3.4.1-1.4.1\opencv-3.4.1-1.4.1-linux-x86.jar;C:\Users\Dani\.m2\repository\org\bytedeco\javacpp-presets\opencv\3.4.1-1.4.1\opencv-3.4.1-1.4.1-linux-x86_64.jar;C:\Users\Dani\.m2\repository\org\bytedeco\javacpp-presets\opencv\3.4.1-1.4.1\opencv-3.4.1-1.4.1-linux-armhf.jar;C:\Users\Dani\.m2\repository\org\bytedeco\javacpp-presets\opencv\3.4.1-1.4.1\opencv-3.4.1-1.4.1-linux-ppc64le.jar;C:\Users\Dani\.m2\repository\org\bytedeco\javacpp-presets\opencv\3.4.1-1.4.1\opencv-3.4.1-1.4.1-macosx-x86_64.jar;C:\Users\Dani\.m2\repository\org\bytedeco\javacpp-presets\opencv\3.4.1-1.4.1\opencv-3.4.1-1.4.1-windows-x86.jar;C:\Users\Dani\.m2\repository\org\bytedeco\javacpp-presets\opencv\3.4.1-1.4.1\opencv-3.4.1-1.4.1-windows-x86_64.jar;C:\Users\Dani\.m2\repository\org\bytedeco\javacpp-presets\leptonica-platform\1.75.3-1.4.1\leptonica-platform-1.75.3-1.4.1.jar;C:\Users\Dani\.m2\repository\org\bytedeco\javacpp-presets\leptonica\1.75.3-1.4.1\leptonica-1.75.3-1.4.1.jar;C:\Users\Dani\.m2\repository\org\bytedeco\javacpp-presets\leptonica\1.75.3-1.4.1\leptonica-1.75.3-1.4.1-android-arm.jar;C:\Users\Dani\.m2\repository\org\bytedeco\javacpp-presets\leptonica\1.75.3-1.4.1\leptonica-1.75.3-1.4.1-android-arm64.jar;C:\Users\Dani\.m2\repository\org\bytedeco\javacpp-presets\leptonica\1.75.3-1.4.1\leptonica-1.75.3-1.4.1-android-x86.jar;C:\Users\Dani\.m2\repository\org\bytedeco\javacpp-presets\leptonica\1.75.3-1.4.1\leptonica-1.75.3-1.4.1-android-x86_64.jar;C:\Users\Dani\.m2\repository\org\bytedeco\javacpp-presets\leptonica\1.75.3-1.4.1\leptonica-1.75.3-1.4.1-linux-x86.jar;C:\Users\Dani\.m2\repository\org\bytedeco\javacpp-presets\leptonica\1.75.3-1.4.1\leptonica-1.75.3-1.4.1-linux-x86_64.jar;C:\Users\Dani\.m2\repository\org\bytedeco\javacpp-presets\leptonica\1.75.3-1.4.1\leptonica-1.75.3-1.4.1-linux-armhf.jar;C:\Users\Dani\.m2\repository\org\bytedeco\javacpp-presets\leptonica\1.75.3-1.4.1\leptonica-1.75.3-1.4.1-linux-ppc64le.jar;C:\Users\Dani\.m2\repository\org\bytedeco\javacpp-presets\leptonica\1.75.3-1.4.1\leptonica-1.75.3-1.4.1-macosx-x86_64.jar;C:\Users\Dani\.m2\repository\org\bytedeco\javacpp-presets\leptonica\1.75.3-1.4.1\leptonica-1.75.3-1.4.1-windows-x86.jar;C:\Users\Dani\.m2\repository\org\bytedeco\javacpp-presets\leptonica\1.75.3-1.4.1\leptonica-1.75.3-1.4.1-windows-x86_64.jar;C:\Users\Dani\.m2\repository\commons-codec\commons-codec\1.10\commons-codec-1.10.jar;C:\Users\Dani\.m2\repository\org\jfree\jfreechart\1.0.19\jfreechart-1.0.19.jar;C:\Users\Dani\.m2\repository\org\jfree\jcommon\1.0.23\jcommon-1.0.23.jar;C:\Users\Dani\.m2\repository\com\opencsv\opencsv\4.0\opencsv-4.0.jar;C:\Users\Dani\.m2\repository\org\apache\commons\commons-text\1.1\commons-text-1.1.jar;C:\Users\Dani\.m2\repository\commons-beanutils\commons-beanutils\1.9.3\commons-beanutils-1.9.3.jar;C:\Users\Dani\.m2\repository\commons-collections\commons-collections\3.2.2\commons-collections-3.2.2.jar;C:\Users\Dani\.m2\repository\org\deeplearning4j\deeplearning4j-nlp\1.0.0-alpha\deeplearning4j-nlp-1.0.0-alpha.jar;C:\Users\Dani\.m2\repository\commons-lang\commons-lang\2.6\commons-lang-2.6.jar;C:\Users\Dani\.m2\repository\org\threadly\threadly\4.10.0\threadly-4.10.0.jar;C:\Users\Dani\.m2\repository\org\nd4j\nd4j-jackson\1.0.0-alpha\nd4j-jackson-1.0.0-alpha.jar;C:\Users\Dani\.m2\repository\org\nd4j\nd4j-base64\1.0.0-alpha\nd4j-base64-1.0.0-alpha.jar;C:\Users\Dani\.m2\repository\org\deeplearning4j\deeplearning4j-zoo\1.0.0-alpha\deeplearning4j-zoo-1.0.0-alpha.jar;C:\Users\Dani\.m2\repository\org\deeplearning4j\arbiter-deeplearning4j\1.0.0-alpha\arbiter-deeplearning4j-1.0.0-alpha.jar;C:\Users\Dani\.m2\repository\org\nd4j\nd4j-jackson-reflectionloader\1.0.0-alpha\nd4j-jackson-reflectionloader-1.0.0-alpha.jar;C:\Users\Dani\.m2\repository\org\deeplearning4j\arbiter-core\1.0.0-alpha\arbiter-core-1.0.0-alpha.jar;C:\Users\Dani\.m2\repository\org\deeplearning4j\arbiter-ui_2.11\1.0.0-alpha\arbiter-ui_2.11-1.0.0-alpha.jar;C:\Users\Dani\.m2\repository\org\deeplearning4j\deeplearning4j-ui_2.11\1.0.0-alpha\deeplearning4j-ui_2.11-1.0.0-alpha.jar;C:\Users\Dani\.m2\repository\org\deeplearning4j\deeplearning4j-play_2.11\1.0.0-alpha\deeplearning4j-play_2.11-1.0.0-alpha.jar;C:\Users\Dani\.m2\repository\com\typesafe\play\play-java_2.11\2.4.8\play-java_2.11-2.4.8.jar;C:\Users\Dani\.m2\repository\com\typesafe\play\play_2.11\2.4.8\play_2.11-2.4.8.jar;C:\Users\Dani\.m2\repository\com\typesafe\play\build-link\2.4.8\build-link-2.4.8.jar;C:\Users\Dani\.m2\repository\com\typesafe\play\play-exceptions\2.4.8\play-exceptions-2.4.8.jar;C:\Users\Dani\.m2\repository\com\typesafe\play\play-iteratees_2.11\2.4.8\play-iteratees_2.11-2.4.8.jar;C:\Users\Dani\.m2\repository\com\typesafe\config\1.3.0\config-1.3.0.jar;C:\Users\Dani\.m2\repository\com\typesafe\play\play-json_2.11\2.4.8\play-json_2.11-2.4.8.jar;C:\Users\Dani\.m2\repository\com\typesafe\play\play-functional_2.11\2.4.8\play-functional_2.11-2.4.8.jar;C:\Users\Dani\.m2\repository\com\typesafe\play\play-datacommons_2.11\2.4.8\play-datacommons_2.11-2.4.8.jar;C:\Users\Dani\.m2\repository\com\typesafe\play\play-netty-utils\2.4.8\play-netty-utils-2.4.8.jar;C:\Users\Dani\.m2\repository\com\typesafe\play\twirl-api_2.11\1.1.1\twirl-api_2.11-1.1.1.jar;C:\Users\Dani\.m2\repository\org\scala-lang\modules\scala-parser-combinators_2.11\1.0.1\scala-parser-combinators_2.11-1.0.1.jar;C:\Users\Dani\.m2\repository\com\typesafe\akka\akka-actor_2.11\2.3.13\akka-actor_2.11-2.3.13.jar;C:\Users\Dani\.m2\repository\com\typesafe\akka\akka-slf4j_2.11\2.3.13\akka-slf4j_2.11-2.3.13.jar;C:\Users\Dani\.m2\repository\org\scala-stm\scala-stm_2.11\0.7\scala-stm_2.11-0.7.jar;C:\Users\Dani\.m2\repository\org\joda\joda-convert\1.7\joda-convert-1.7.jar;C:\Users\Dani\.m2\repository\xerces\xercesImpl\2.11.0\xercesImpl-2.11.0.jar;C:\Users\Dani\.m2\repository\xml-apis\xml-apis\1.4.01\xml-apis-1.4.01.jar;C:\Users\Dani\.m2\repository\javax\transaction\jta\1.1\jta-1.1.jar;C:\Users\Dani\.m2\repository\com\google\inject\guice\4.0\guice-4.0.jar;C:\Users\Dani\.m2\repository\javax\inject\javax.inject\1\javax.inject-1.jar;C:\Users\Dani\.m2\repository\aopalliance\aopalliance\1.0\aopalliance-1.0.jar;C:\Users\Dani\.m2\repository\com\google\inject\extensions\guice-assistedinject\4.0\guice-assistedinject-4.0.jar;C:\Users\Dani\.m2\repository\org\scala-lang\modules\scala-java8-compat_2.11\0.3.0\scala-java8-compat_2.11-0.3.0.jar;C:\Users\Dani\.m2\repository\org\hibernate\hibernate-validator\5.0.3.Final\hibernate-validator-5.0.3.Final.jar;C:\Users\Dani\.m2\repository\com\fasterxml\classmate\1.0.0\classmate-1.0.0.jar;C:\Users\Dani\.m2\repository\org\jboss\logging\jboss-logging\3.2.1.Final\jboss-logging-3.2.1.Final.jar;C:\Users\Dani\.m2\repository\org\springframework\spring-context\4.1.6.RELEASE\spring-context-4.1.6.RELEASE.jar;C:\Users\Dani\.m2\repository\org\springframework\spring-core\4.1.6.RELEASE\spring-core-4.1.6.RELEASE.jar;C:\Users\Dani\.m2\repository\org\springframework\spring-beans\4.1.6.RELEASE\spring-beans-4.1.6.RELEASE.jar;C:\Users\Dani\.m2\repository\net\jodah\typetools\0.4.3\typetools-0.4.3.jar;C:\Users\Dani\.m2\repository\org\apache\tomcat\tomcat-servlet-api\8.0.21\tomcat-servlet-api-8.0.21.jar;C:\Users\Dani\.m2\repository\com\typesafe\play\play-netty-server_2.11\2.4.8\play-netty-server_2.11-2.4.8.jar;C:\Users\Dani\.m2\repository\com\typesafe\play\play-server_2.11\2.4.8\play-server_2.11-2.4.8.jar;C:\Users\Dani\.m2\repository\com\typesafe\netty\netty-http-pipelining\1.1.4\netty-http-pipelining-1.1.4.jar;C:\Users\Dani\.m2\repository\com\typesafe\akka\akka-contrib_2.11\2.3.13\akka-contrib_2.11-2.3.13.jar;C:\Users\Dani\.m2\repository\com\typesafe\akka\akka-remote_2.11\2.3.13\akka-remote_2.11-2.3.13.jar;C:\Users\Dani\.m2\repository\org\uncommons\maths\uncommons-maths\1.2.2a\uncommons-maths-1.2.2a.jar;C:\Users\Dani\.m2\repository\com\typesafe\akka\akka-persistence-experimental_2.11\2.3.13\akka-persistence-experimental_2.11-2.3.13.jar;C:\Users\Dani\.m2\repository\org\iq80\leveldb\leveldb\0.5\leveldb-0.5.jar;C:\Users\Dani\.m2\repository\org\iq80\leveldb\leveldb-api\0.5\leveldb-api-0.5.jar;C:\Users\Dani\.m2\repository\com\fasterxml\jackson\datatype\jackson-datatype-jdk8\2.4.4\jackson-datatype-jdk8-2.4.4.jar;C:\Users\Dani\.m2\repository\com\fasterxml\jackson\datatype\jackson-datatype-jsr310\2.4.4\jackson-datatype-jsr310-2.4.4.jar;C:\Users\Dani\.m2\repository\com\typesafe\akka\akka-cluster_2.11\2.3.13\akka-cluster_2.11-2.3.13.jar;C:\Users\Dani\.m2\repository\com\beust\jcommander\1.27\jcommander-1.27.jar;C:\Users\Dani\.m2\repository\javax\ws\rs\javax.ws.rs-api\2.0\javax.ws.rs-api-2.0.jar;C:\Users\Dani\.m2\repository\org\deeplearning4j\deeplearning4j-ui-model\1.0.0-alpha\deeplearning4j-ui-model-1.0.0-alpha.jar;C:\Users\Dani\.m2\repository\org\agrona\Agrona\0.5.4\Agrona-0.5.4.jar;C:\Users\Dani\.m2\repository\org\mapdb\mapdb\3.0.5\mapdb-3.0.5.jar;C:\Users\Dani\.m2\repository\org\jetbrains\kotlin\kotlin-stdlib\1.0.7\kotlin-stdlib-1.0.7.jar;C:\Users\Dani\.m2\repository\org\jetbrains\kotlin\kotlin-runtime\1.0.7\kotlin-runtime-1.0.7.jar;C:\Users\Dani\.m2\repository\org\eclipse\collections\eclipse-collections-api\7.1.2\eclipse-collections-api-7.1.2.jar;C:\Users\Dani\.m2\repository\net\jcip\jcip-annotations\1.0\jcip-annotations-1.0.jar;C:\Users\Dani\.m2\repository\org\eclipse\collections\eclipse-collections\7.1.2\eclipse-collections-7.1.2.jar;C:\Users\Dani\.m2\repository\org\eclipse\collections\eclipse-collections-forkjoin\7.1.2\eclipse-collections-forkjoin-7.1.2.jar;C:\Users\Dani\.m2\repository\org\mapdb\elsa\3.0.0-M5\elsa-3.0.0-M5.jar;C:\Users\Dani\.m2\repository\org\xerial\sqlite-jdbc\3.15.1\sqlite-jdbc-3.15.1.jar;C:\Users\Dani\.m2\repository\org\deeplearning4j\deeplearning4j-ui-resources\1.0.0-alpha\deeplearning4j-ui-resources-1.0.0-alpha.jar;C:\Users\Dani\.m2\repository\org\datavec\datavec-data-codec\1.0.0-alpha\datavec-data-codec-1.0.0-alpha.jar;C:\Users\Dani\.m2\repository\org\jcodec\jcodec\0.1.5\jcodec-0.1.5.jar;C:\Users\Dani\.m2\repository\org\apache\httpcomponents\httpclient\4.5.6\httpclient-4.5.6.jar;C:\Users\Dani\.m2\repository\org\apache\httpcomponents\httpcore\4.4.10\httpcore-4.4.10.jar;C:\Users\Dani\.m2\repository\commons-logging\commons-logging\1.2\commons-logging-1.2.jar;C:\Users\Dani\.m2\repository\ch\qos\logback\logback-classic\1.2.3\logback-classic-1.2.3.jar;C:\Users\Dani\.m2\repository\ch\qos\logback\logback-core\1.2.3\logback-core-1.2.3.jar;"/>
    <property name="sun.cpu.endian" value="little"/>
    <property name="user.home" value="C:\Users\Dani"/>
    <property name="user.language" value="es"/>
    <property name="java.specification.vendor" value="Oracle Corporation"/>
    <property name="java.home" value="C:\Program Files\Java\jdk1.8.0_191\jre"/>
    <property name="basedir" value="C:\Users\Dani\Downloads\Lab\StockPricePrediction"/>
    <property name="file.separator" value="\"/>
    <property name="line.separator" value="&#10;"/>
    <property name="java.vm.specification.vendor" value="Oracle Corporation"/>
    <property name="java.specification.name" value="Java Platform API Specification"/>
    <property name="java.awt.graphicsenv" value="sun.awt.Win32GraphicsEnvironment"/>
    <property name="surefire.real.class.path" value="C:\Users\Dani\AppData\Local\Temp\surefire7450475253600139718\surefirebooter7836698276164820108.jar"/>
    <property name="sun.boot.class.path" value="C:\Program Files\Java\jdk1.8.0_191\jre\lib\resources.jar;C:\Program Files\Java\jdk1.8.0_191\jre\lib\rt.jar;C:\Program Files\Java\jdk1.8.0_191\jre\lib\sunrsasign.jar;C:\Program Files\Java\jdk1.8.0_191\jre\lib\jsse.jar;C:\Program Files\Java\jdk1.8.0_191\jre\lib\jce.jar;C:\Program Files\Java\jdk1.8.0_191\jre\lib\charsets.jar;C:\Program Files\Java\jdk1.8.0_191\jre\lib\jfr.jar;C:\Program Files\Java\jdk1.8.0_191\jre\classes"/>
    <property name="user.script" value=""/>
    <property name="sun.management.compiler" value="HotSpot 64-Bit Tiered Compilers"/>
    <property name="java.runtime.version" value="1.8.0_191-b12"/>
    <property name="user.name" value="Dani"/>
    <property name="path.separator" value=";"/>
    <property name="os.version" value="10.0"/>
    <property name="java.endorsed.dirs" value="C:\Program Files\Java\jdk1.8.0_191\jre\lib\endorsed"/>
    <property name="java.runtime.name" value="Java(TM) SE Runtime Environment"/>
    <property name="file.encoding" value="Cp1252"/>
    <property name="java.vm.name" value="Java HotSpot(TM) 64-Bit Server VM"/>
    <property name="localRepository" value="C:\Users\Dani\.m2\repository"/>
    <property name="java.vendor.url.bug" value="http://bugreport.sun.com/bugreport/"/>
    <property name="java.io.tmpdir" value="C:\Users\Dani\AppData\Local\Temp\"/>
    <property name="java.version" value="1.8.0_191"/>
    <property name="user.dir" value="C:\Users\Dani\Downloads\Lab\StockPricePrediction"/>
    <property name="os.arch" value="amd64"/>
    <property name="java.vm.specification.name" value="Java Virtual Machine Specification"/>
    <property name="java.awt.printerjob" value="sun.awt.windows.WPrinterJob"/>
    <property name="sun.os.patch.level" value=""/>
    <property name="java.library.path" value="C:\Program Files\Java\jdk1.8.0_191\jre\bin;C:\WINDOWS\Sun\Java\bin;C:\WINDOWS\system32;C:\WINDOWS;C:/Program Files/Java/jre1.8.0_191/bin/server;C:/Program Files/Java/jre1.8.0_191/bin;C:/Program Files/Java/jre1.8.0_191/lib/amd64;C:\Program Files (x86)\Common Files\Oracle\Java\javapath;C:\Program Files (x86)\Common Files\Intel\Shared Libraries\redist\intel64\compiler;C:\WINDOWS\system32;C:\WINDOWS;C:\WINDOWS\System32\Wbem;C:\WINDOWS\System32\WindowsPowerShell\v1.0\;C:\WINDOWS\System32\OpenSSH\;C:\cygwin64\bin;C:\cygwin64\lib;C:\sonar-scanner-3.2.0.1227-windows\bin;C:\apache-maven-3.5.4\bin;C:\Program Files\Java\jdk1.8.0_191\bin;C:\Program Files\doxygen\bin;C:\Program Files (x86)\Graphviz2.38\bin;C:\Program Files\Git\cmd;C:\Users\Dani\AppData\Local\Microsoft\WindowsApps;C:\Users\Dani\AppData\Local\GitHubDesktop\bin;C:\Users\Dani\Desktop;;."/>
    <property name="java.vm.info" value="mixed mode"/>
    <property name="java.vendor" value="Oracle Corporation"/>
    <property name="java.vm.version" value="25.191-b12"/>
    <property name="java.ext.dirs" value="C:\Program Files\Java\jdk1.8.0_191\jre\lib\ext;C:\WINDOWS\Sun\Java\lib\ext"/>
    <property name="sun.io.unicode.encoding" value="UnicodeLittle"/>
    <property name="java.class.version" value="52.0"/>
  </properties>
  <testcase name="testMain" classname="com.packt.JavaDL.PricePrediction.JunitTest" time="588.079"/>
</testsuite>